============================================================
  CANLII IMPORT — TRAFFIC TICKETS (vitesse/cell/alcool)
  Date: 2026-02-14 01:00
  Max requêtes: 4800
  Mode: PRODUCTION
============================================================

  Dossiers déjà importés: 767

──────────────────────────────────────────────────
  Cours municipales QC (qccm) — Priority 1
──────────────────────────────────────────────────
    ... 10 importés | 0 filtrés | 278 existants | Quota: 4787
    [ERR] Insert: value too long for type character varying(100)

    ... 20 importés | 0 filtrés | 278 existants | Quota: 4776
    [ERR] Insert: value too long for type character varying(100)

    ... 30 importés | 0 filtrés | 341 existants | Quota: 4764
    ... 40 importés | 0 filtrés | 341 existants | Quota: 4754
    ... 50 importés | 0 filtrés | 341 existants | Quota: 4744
    ... 60 importés | 0 filtrés | 341 existants | Quota: 4733
    [ERR] Insert: value too long for type character varying(100)

    ... 70 importés | 0 filtrés | 341 existants | Quota: 4722
    ... 80 importés | 0 filtrés | 341 existants | Quota: 4712
    ... 90 importés | 0 filtrés | 341 existants | Quota: 4702
    ... 100 importés | 0 filtrés | 341 existants | Quota: 4692
    ... 110 importés | 0 filtrés | 341 existants | Quota: 4682
    ... 120 importés | 0 filtrés | 341 existants | Quota: 4672
    ... 130 importés | 0 filtrés | 341 existants | Quota: 4662
    ... 140 importés | 0 filtrés | 341 existants | Quota: 4652
    ... 150 importés | 0 filtrés | 341 existants | Quota: 4642
    ... 160 importés | 0 filtrés | 341 existants | Quota: 4631
    ... 170 importés | 0 filtrés | 341 existants | Quota: 4621
    ... 180 importés | 0 filtrés | 341 existants | Quota: 4611
    ... 190 importés | 0 filtrés | 341 existants | Quota: 4601
    ... 200 importés | 0 filtrés | 341 existants | Quota: 4591
    ... 210 importés | 0 filtrés | 341 existants | Quota: 4581
    ... 220 importés | 0 filtrés | 341 existants | Quota: 4571
    ... 230 importés | 0 filtrés | 341 existants | Quota: 4561
    ... 240 importés | 0 filtrés | 341 existants | Quota: 4551
    ... 250 importés | 0 filtrés | 341 existants | Quota: 4541
    ... 260 importés | 0 filtrés | 341 existants | Quota: 4530
    ... 270 importés | 0 filtrés | 341 existants | Quota: 4520
    ... 280 importés | 0 filtrés | 341 existants | Quota: 4510
    ... 290 importés | 0 filtrés | 341 existants | Quota: 4500
    ... 300 importés | 0 filtrés | 341 existants | Quota: 4490
    ... 310 importés | 0 filtrés | 341 existants | Quota: 4480
    ... 320 importés | 0 filtrés | 341 existants | Quota: 4470
    ... 330 importés | 0 filtrés | 341 existants | Quota: 4460
    [ERR] Insert: value too long for type character varying(100)

    ... 340 importés | 0 filtrés | 341 existants | Quota: 4449
    ... 350 importés | 0 filtrés | 341 existants | Quota: 4439
    ... 360 importés | 0 filtrés | 341 existants | Quota: 4428
    ... 370 importés | 0 filtrés | 341 existants | Quota: 4418
    ... 380 importés | 0 filtrés | 341 existants | Quota: 4408
    ... 390 importés | 0 filtrés | 341 existants | Quota: 4398
    ... 400 importés | 0 filtrés | 341 existants | Quota: 4388
    ... 410 importés | 0 filtrés | 341 existants | Quota: 4378
    ... 420 importés | 0 filtrés | 341 existants | Quota: 4368
    ... 430 importés | 0 filtrés | 341 existants | Quota: 4358
    ... 440 importés | 0 filtrés | 341 existants | Quota: 4348
    ... 450 importés | 0 filtrés | 341 existants | Quota: 4338
    ... 460 importés | 0 filtrés | 341 existants | Quota: 4327
    ... 470 importés | 0 filtrés | 341 existants | Quota: 4317
    ... 480 importés | 0 filtrés | 341 existants | Quota: 4307
    ... 490 importés | 0 filtrés | 341 existants | Quota: 4297
    ... 500 importés | 0 filtrés | 341 existants | Quota: 4287
    ... 510 importés | 0 filtrés | 341 existants | Quota: 4277
    ... 520 importés | 0 filtrés | 341 existants | Quota: 4267
    ... 530 importés | 0 filtrés | 341 existants | Quota: 4257
    ... 540 importés | 0 filtrés | 341 existants | Quota: 4247
    ... 550 importés | 0 filtrés | 341 existants | Quota: 4237
    ... 560 importés | 0 filtrés | 341 existants | Quota: 4226
    [ERR] Insert: value too long for type character varying(100)

    ... 570 importés | 0 filtrés | 341 existants | Quota: 4215
    ... 580 importés | 0 filtrés | 341 existants | Quota: 4205
    ... 590 importés | 0 filtrés | 341 existants | Quota: 4195
    ... 600 importés | 0 filtrés | 341 existants | Quota: 4185
    ... 610 importés | 0 filtrés | 341 existants | Quota: 4175
    ... 620 importés | 0 filtrés | 341 existants | Quota: 4165
    ... 630 importés | 0 filtrés | 341 existants | Quota: 4155
    ... 640 importés | 0 filtrés | 341 existants | Quota: 4145
    ... 650 importés | 0 filtrés | 341 existants | Quota: 4135
    ... 660 importés | 0 filtrés | 341 existants | Quota: 4124
    ... 670 importés | 0 filtrés | 341 existants | Quota: 4114
    ... 680 importés | 0 filtrés | 341 existants | Quota: 4104
    ... 690 importés | 0 filtrés | 341 existants | Quota: 4094
    ... 700 importés | 0 filtrés | 341 existants | Quota: 4084
    ... 710 importés | 0 filtrés | 341 existants | Quota: 4074
    ... 720 importés | 0 filtrés | 341 existants | Quota: 4064
    ... 730 importés | 0 filtrés | 341 existants | Quota: 4054
    ... 740 importés | 0 filtrés | 341 existants | Quota: 4044
    [ERR] Insert: value too long for type character varying(100)

    ... 750 importés | 0 filtrés | 341 existants | Quota: 4033
    ... 760 importés | 0 filtrés | 341 existants | Quota: 4022
    ... 770 importés | 0 filtrés | 341 existants | Quota: 4012
    ... 780 importés | 0 filtrés | 341 existants | Quota: 4002
    ... 790 importés | 0 filtrés | 341 existants | Quota: 3992
    ... 800 importés | 0 filtrés | 341 existants | Quota: 3982
    ... 810 importés | 0 filtrés | 341 existants | Quota: 3972
    ... 820 importés | 0 filtrés | 341 existants | Quota: 3962
    ... 830 importés | 0 filtrés | 341 existants | Quota: 3952
    ... 840 importés | 0 filtrés | 341 existants | Quota: 3942
    ... 850 importés | 0 filtrés | 341 existants | Quota: 3932
    ... 860 importés | 0 filtrés | 341 existants | Quota: 3921
    ... 870 importés | 0 filtrés | 341 existants | Quota: 3911
    ... 880 importés | 0 filtrés | 341 existants | Quota: 3901
    ... 890 importés | 0 filtrés | 341 existants | Quota: 3891
    ... 900 importés | 0 filtrés | 341 existants | Quota: 3881
    ... 910 importés | 0 filtrés | 341 existants | Quota: 3871
    ... 920 importés | 0 filtrés | 341 existants | Quota: 3861
    ... 930 importés | 0 filtrés | 341 existants | Quota: 3851
    ... 940 importés | 0 filtrés | 341 existants | Quota: 3841
    ... 950 importés | 0 filtrés | 341 existants | Quota: 3831
    ... 960 importés | 0 filtrés | 341 existants | Quota: 3820
    ... 970 importés | 0 filtrés | 341 existants | Quota: 3810
    ... 980 importés | 0 filtrés | 341 existants | Quota: 3800
    ... 990 importés | 0 filtrés | 341 existants | Quota: 3790
    ... 1000 importés | 0 filtrés | 341 existants | Quota: 3780
    ... 1010 importés | 0 filtrés | 341 existants | Quota: 3770
    ... 1020 importés | 0 filtrés | 341 existants | Quota: 3760
    ... 1030 importés | 0 filtrés | 341 existants | Quota: 3750
    [ERR] Insert: value too long for type character varying(100)

    ... 1040 importés | 0 filtrés | 341 existants | Quota: 3739
    ... 1050 importés | 0 filtrés | 341 existants | Quota: 3729
    ... 1060 importés | 0 filtrés | 341 existants | Quota: 3718
    ... 1070 importés | 0 filtrés | 341 existants | Quota: 3708
    ... 1080 importés | 0 filtrés | 341 existants | Quota: 3698
    ... 1090 importés | 0 filtrés | 341 existants | Quota: 3688
    ... 1100 importés | 0 filtrés | 341 existants | Quota: 3678
    ... 1110 importés | 0 filtrés | 341 existants | Quota: 3668
    ... 1120 importés | 0 filtrés | 341 existants | Quota: 3658
    ... 1130 importés | 0 filtrés | 341 existants | Quota: 3648
    ... 1140 importés | 0 filtrés | 341 existants | Quota: 3638
    ... 1150 importés | 0 filtrés | 341 existants | Quota: 3628
    ... 1160 importés | 0 filtrés | 341 existants | Quota: 3617
    ... 1170 importés | 0 filtrés | 341 existants | Quota: 3607
    ... 1180 importés | 0 filtrés | 341 existants | Quota: 3597
    ... 1190 importés | 0 filtrés | 341 existants | Quota: 3587
    [ERR] Insert: value too long for type character varying(100)

    ... 1200 importés | 0 filtrés | 341 existants | Quota: 3576
    ... 1210 importés | 0 filtrés | 341 existants | Quota: 3566
    ... 1220 importés | 0 filtrés | 341 existants | Quota: 3556
    ... 1230 importés | 0 filtrés | 341 existants | Quota: 3546
    ... 1240 importés | 0 filtrés | 341 existants | Quota: 3536
    ... 1250 importés | 0 filtrés | 341 existants | Quota: 3526
    ... 1260 importés | 0 filtrés | 341 existants | Quota: 3515
    ... 1270 importés | 0 filtrés | 341 existants | Quota: 3505
    ... 1280 importés | 0 filtrés | 341 existants | Quota: 3495
    ... 1290 importés | 0 filtrés | 341 existants | Quota: 3485
    ... 1300 importés | 0 filtrés | 341 existants | Quota: 3475
    ... 1310 importés | 0 filtrés | 341 existants | Quota: 3465
    ... 1320 importés | 0 filtrés | 341 existants | Quota: 3455
    ... 1330 importés | 0 filtrés | 341 existants | Quota: 3445
    ... 1340 importés | 0 filtrés | 341 existants | Quota: 3435
    ... 1350 importés | 0 filtrés | 341 existants | Quota: 3425
    ... 1360 importés | 0 filtrés | 341 existants | Quota: 3414
    ... 1370 importés | 0 filtrés | 341 existants | Quota: 3404
    ... 1380 importés | 0 filtrés | 341 existants | Quota: 3394
    ... 1390 importés | 0 filtrés | 341 existants | Quota: 3384
    [ERR] Insert: value too long for type character varying(100)

    ... 1400 importés | 0 filtrés | 341 existants | Quota: 3373
    ... 1410 importés | 0 filtrés | 341 existants | Quota: 3363
    ... 1420 importés | 0 filtrés | 341 existants | Quota: 3353
    [ERR] Insert: value too long for type character varying(100)

    ... 1430 importés | 0 filtrés | 341 existants | Quota: 3342
    ... 1440 importés | 0 filtrés | 341 existants | Quota: 3332
    ... 1450 importés | 0 filtrés | 341 existants | Quota: 3321
    ... 1460 importés | 0 filtrés | 341 existants | Quota: 3311
    ... 1470 importés | 0 filtrés | 341 existants | Quota: 3301
    ... 1480 importés | 0 filtrés | 341 existants | Quota: 3291
    ... 1490 importés | 0 filtrés | 341 existants | Quota: 3281
    ... 1500 importés | 0 filtrés | 341 existants | Quota: 3271
    ... 1510 importés | 0 filtrés | 341 existants | Quota: 3261
    ... 1520 importés | 0 filtrés | 341 existants | Quota: 3251
    ... 1530 importés | 0 filtrés | 341 existants | Quota: 3241
    ... 1540 importés | 0 filtrés | 341 existants | Quota: 3231
    ... 1550 importés | 0 filtrés | 341 existants | Quota: 3220
    ... 1560 importés | 0 filtrés | 341 existants | Quota: 3210
    ... 1570 importés | 0 filtrés | 341 existants | Quota: 3200
    ... 1580 importés | 0 filtrés | 341 existants | Quota: 3190
    [ERR] Insert: value too long for type character varying(100)

    ... 1590 importés | 0 filtrés | 341 existants | Quota: 3179
    ... 1600 importés | 0 filtrés | 341 existants | Quota: 3169
    ... 1610 importés | 0 filtrés | 341 existants | Quota: 3159
    ... 1620 importés | 0 filtrés | 341 existants | Quota: 3149
    ... 1630 importés | 0 filtrés | 341 existants | Quota: 3139
    ... 1640 importés | 0 filtrés | 341 existants | Quota: 3129
    ... 1650 importés | 0 filtrés | 341 existants | Quota: 3118
    ... 1660 importés | 0 filtrés | 341 existants | Quota: 3108
    ... 1670 importés | 0 filtrés | 341 existants | Quota: 3098
    ... 1680 importés | 0 filtrés | 341 existants | Quota: 3088
    ... 1690 importés | 0 filtrés | 341 existants | Quota: 3078
    ... 1700 importés | 0 filtrés | 341 existants | Quota: 3068
    ... 1710 importés | 0 filtrés | 341 existants | Quota: 3058
    ... 1720 importés | 0 filtrés | 341 existants | Quota: 3048
    ... 1730 importés | 0 filtrés | 341 existants | Quota: 3038
    ... 1740 importés | 0 filtrés | 341 existants | Quota: 3028
    ... 1750 importés | 0 filtrés | 341 existants | Quota: 3017
    ... 1760 importés | 0 filtrés | 341 existants | Quota: 3007
    ... 1770 importés | 0 filtrés | 341 existants | Quota: 2997
    ... 1780 importés | 0 filtrés | 341 existants | Quota: 2987
    ... 1790 importés | 0 filtrés | 341 existants | Quota: 2977
    ... 1800 importés | 0 filtrés | 341 existants | Quota: 2967
    ... 1810 importés | 0 filtrés | 341 existants | Quota: 2957
    ... 1820 importés | 0 filtrés | 341 existants | Quota: 2947
    ... 1830 importés | 0 filtrés | 341 existants | Quota: 2937
    ... 1840 importés | 0 filtrés | 341 existants | Quota: 2927
    ... 1850 importés | 0 filtrés | 341 existants | Quota: 2916
    ... 1860 importés | 0 filtrés | 341 existants | Quota: 2906
    ... 1870 importés | 0 filtrés | 341 existants | Quota: 2896
    ... 1880 importés | 0 filtrés | 341 existants | Quota: 2886
    ... 1890 importés | 0 filtrés | 341 existants | Quota: 2876
    ... 1900 importés | 0 filtrés | 341 existants | Quota: 2866
    ... 1910 importés | 0 filtrés | 341 existants | Quota: 2856
    ... 1920 importés | 0 filtrés | 341 existants | Quota: 2846
    ... 1930 importés | 0 filtrés | 341 existants | Quota: 2836
    ... 1940 importés | 0 filtrés | 341 existants | Quota: 2826
    ... 1950 importés | 0 filtrés | 341 existants | Quota: 2815
    ... 1960 importés | 0 filtrés | 341 existants | Quota: 2805
    ... 1970 importés | 0 filtrés | 341 existants | Quota: 2795
    ... 1980 importés | 0 filtrés | 341 existants | Quota: 2785
    ... 1990 importés | 0 filtrés | 341 existants | Quota: 2775
    ... 2000 importés | 0 filtrés | 341 existants | Quota: 2765
    ... 2010 importés | 0 filtrés | 341 existants | Quota: 2755
    ... 2020 importés | 0 filtrés | 341 existants | Quota: 2745
    ... 2030 importés | 0 filtrés | 341 existants | Quota: 2735
    ... 2040 importés | 0 filtrés | 341 existants | Quota: 2725
    ... 2050 importés | 0 filtrés | 341 existants | Quota: 2714
    ... 2060 importés | 0 filtrés | 341 existants | Quota: 2704
    ... 2070 importés | 0 filtrés | 341 existants | Quota: 2694
    ... 2080 importés | 0 filtrés | 341 existants | Quota: 2684
    ... 2090 importés | 0 filtrés | 341 existants | Quota: 2674
    ... 2100 importés | 0 filtrés | 341 existants | Quota: 2664
    ... 2110 importés | 0 filtrés | 341 existants | Quota: 2654
    ... 2120 importés | 0 filtrés | 341 existants | Quota: 2644
    ... 2130 importés | 0 filtrés | 341 existants | Quota: 2634
    ... 2140 importés | 0 filtrés | 341 existants | Quota: 2624
    ... 2150 importés | 0 filtrés | 341 existants | Quota: 2613
    ... 2160 importés | 0 filtrés | 341 existants | Quota: 2603
    ... 2170 importés | 0 filtrés | 341 existants | Quota: 2593
    ... 2180 importés | 0 filtrés | 341 existants | Quota: 2583
    ... 2190 importés | 0 filtrés | 341 existants | Quota: 2573
    ... 2200 importés | 0 filtrés | 341 existants | Quota: 2563
    ... 2210 importés | 0 filtrés | 341 existants | Quota: 2553
    ... 2220 importés | 0 filtrés | 341 existants | Quota: 2543
    ... 2230 importés | 0 filtrés | 341 existants | Quota: 2533
    ... 2240 importés | 0 filtrés | 341 existants | Quota: 2523
    ... 2250 importés | 0 filtrés | 341 existants | Quota: 2512
    ... 2260 importés | 0 filtrés | 341 existants | Quota: 2502
    ... 2270 importés | 0 filtrés | 341 existants | Quota: 2492
    ... 2280 importés | 0 filtrés | 341 existants | Quota: 2482
    ... 2290 importés | 0 filtrés | 341 existants | Quota: 2472
    ... 2300 importés | 0 filtrés | 341 existants | Quota: 2462
    ... 2310 importés | 0 filtrés | 341 existants | Quota: 2452
    ... 2320 importés | 0 filtrés | 341 existants | Quota: 2442
    ... 2330 importés | 0 filtrés | 341 existants | Quota: 2432
    ... 2340 importés | 0 filtrés | 341 existants | Quota: 2422
    ... 2350 importés | 0 filtrés | 341 existants | Quota: 2411
    ... 2360 importés | 0 filtrés | 341 existants | Quota: 2401
    ... 2370 importés | 0 filtrés | 341 existants | Quota: 2391
    ... 2380 importés | 0 filtrés | 341 existants | Quota: 2381
    ... 2390 importés | 0 filtrés | 341 existants | Quota: 2371
    ... 2400 importés | 0 filtrés | 341 existants | Quota: 2361
    ... 2410 importés | 0 filtrés | 341 existants | Quota: 2351
    ... 2420 importés | 0 filtrés | 341 existants | Quota: 2341
    ... 2430 importés | 0 filtrés | 341 existants | Quota: 2331
    ... 2440 importés | 0 filtrés | 341 existants | Quota: 2321
    ... 2450 importés | 0 filtrés | 341 existants | Quota: 2310
    ... 2460 importés | 0 filtrés | 341 existants | Quota: 2300
    ... 2470 importés | 0 filtrés | 341 existants | Quota: 2290
    ... 2480 importés | 0 filtrés | 341 existants | Quota: 2280
    ... 2490 importés | 0 filtrés | 341 existants | Quota: 2270
    ... 2500 importés | 0 filtrés | 341 existants | Quota: 2260
    ... 2510 importés | 0 filtrés | 341 existants | Quota: 2250
    ... 2520 importés | 0 filtrés | 341 existants | Quota: 2240
    ... 2530 importés | 0 filtrés | 341 existants | Quota: 2230
    ... 2540 importés | 0 filtrés | 341 existants | Quota: 2220
    ... 2550 importés | 0 filtrés | 341 existants | Quota: 2209
    ... 2560 importés | 0 filtrés | 341 existants | Quota: 2199
    ... 2570 importés | 0 filtrés | 341 existants | Quota: 2189
    ... 2580 importés | 0 filtrés | 341 existants | Quota: 2179
    ... 2590 importés | 0 filtrés | 341 existants | Quota: 2169
    ... 2600 importés | 0 filtrés | 341 existants | Quota: 2159
    ... 2610 importés | 0 filtrés | 341 existants | Quota: 2149
    ... 2620 importés | 0 filtrés | 341 existants | Quota: 2139
    ... 2630 importés | 0 filtrés | 341 existants | Quota: 2129
    ... 2640 importés | 0 filtrés | 341 existants | Quota: 2119
    ... 2650 importés | 0 filtrés | 341 existants | Quota: 2108
    ... 2660 importés | 0 filtrés | 341 existants | Quota: 2098
    ... 2670 importés | 0 filtrés | 341 existants | Quota: 2088
    ... 2680 importés | 0 filtrés | 341 existants | Quota: 2078
    ... 2690 importés | 0 filtrés | 341 existants | Quota: 2068
    ... 2700 importés | 0 filtrés | 341 existants | Quota: 2058
    ... 2710 importés | 0 filtrés | 341 existants | Quota: 2048
    [ERR] Insert: value too long for type character varying(100)

    ... 2720 importés | 0 filtrés | 341 existants | Quota: 2037
    ... 2730 importés | 0 filtrés | 341 existants | Quota: 2027
    ... 2740 importés | 0 filtrés | 341 existants | Quota: 2017
    ... 2750 importés | 0 filtrés | 341 existants | Quota: 2006
    ... 2760 importés | 0 filtrés | 341 existants | Quota: 1996
    ... 2770 importés | 0 filtrés | 341 existants | Quota: 1986
    ... 2780 importés | 0 filtrés | 341 existants | Quota: 1976
    ... 2790 importés | 0 filtrés | 341 existants | Quota: 1966
    ... 2800 importés | 0 filtrés | 341 existants | Quota: 1956
    ... 2810 importés | 0 filtrés | 341 existants | Quota: 1946
    ... 2820 importés | 0 filtrés | 341 existants | Quota: 1936
    ... 2830 importés | 0 filtrés | 341 existants | Quota: 1926
    ... 2840 importés | 0 filtrés | 341 existants | Quota: 1916
    ... 2850 importés | 0 filtrés | 341 existants | Quota: 1905
    ... 2860 importés | 0 filtrés | 341 existants | Quota: 1895
    ... 2870 importés | 0 filtrés | 341 existants | Quota: 1885
    ... 2880 importés | 0 filtrés | 341 existants | Quota: 1875
    ... 2890 importés | 0 filtrés | 341 existants | Quota: 1865
    ... 2900 importés | 0 filtrés | 341 existants | Quota: 1855
    ... 2910 importés | 0 filtrés | 341 existants | Quota: 1845
    ... 2920 importés | 0 filtrés | 341 existants | Quota: 1835
    ... 2930 importés | 0 filtrés | 341 existants | Quota: 1825
    ... 2940 importés | 0 filtrés | 341 existants | Quota: 1815
    ... 2950 importés | 0 filtrés | 341 existants | Quota: 1804
    ... 2960 importés | 0 filtrés | 341 existants | Quota: 1794
    ... 2970 importés | 0 filtrés | 341 existants | Quota: 1784
    ... 2980 importés | 0 filtrés | 341 existants | Quota: 1774
    ... 2990 importés | 0 filtrés | 341 existants | Quota: 1764
    ... 3000 importés | 0 filtrés | 341 existants | Quota: 1754
    ... 3010 importés | 0 filtrés | 341 existants | Quota: 1744
    ... 3020 importés | 0 filtrés | 341 existants | Quota: 1734
    ... 3030 importés | 0 filtrés | 341 existants | Quota: 1724
    ... 3040 importés | 0 filtrés | 341 existants | Quota: 1714
    ... 3050 importés | 0 filtrés | 341 existants | Quota: 1703
    ... 3060 importés | 0 filtrés | 341 existants | Quota: 1693
    ... 3070 importés | 0 filtrés | 341 existants | Quota: 1683
    ... 3080 importés | 0 filtrés | 341 existants | Quota: 1673
    ... 3090 importés | 0 filtrés | 341 existants | Quota: 1663
    ... 3100 importés | 0 filtrés | 341 existants | Quota: 1653
    ... 3110 importés | 0 filtrés | 341 existants | Quota: 1643
    ... 3120 importés | 0 filtrés | 341 existants | Quota: 1633
    ... 3130 importés | 0 filtrés | 341 existants | Quota: 1623
    ... 3140 importés | 0 filtrés | 341 existants | Quota: 1613
    ... 3150 importés | 0 filtrés | 341 existants | Quota: 1602
    ... 3160 importés | 0 filtrés | 341 existants | Quota: 1592
    ... 3170 importés | 0 filtrés | 341 existants | Quota: 1582
    ... 3180 importés | 0 filtrés | 341 existants | Quota: 1572
    ... 3190 importés | 0 filtrés | 341 existants | Quota: 1562
    ... 3200 importés | 0 filtrés | 341 existants | Quota: 1552
    [ERR] Insert: value too long for type character varying(100)

    ... 3210 importés | 0 filtrés | 341 existants | Quota: 1541
    ... 3220 importés | 0 filtrés | 341 existants | Quota: 1531
    ... 3230 importés | 0 filtrés | 341 existants | Quota: 1521
    ... 3240 importés | 0 filtrés | 341 existants | Quota: 1511
    ... 3250 importés | 0 filtrés | 341 existants | Quota: 1500
    ... 3260 importés | 0 filtrés | 341 existants | Quota: 1490
    ... 3270 importés | 0 filtrés | 341 existants | Quota: 1480
    ... 3280 importés | 0 filtrés | 341 existants | Quota: 1470
    ... 3290 importés | 0 filtrés | 341 existants | Quota: 1460
    ... 3300 importés | 0 filtrés | 341 existants | Quota: 1450
    ... 3310 importés | 0 filtrés | 341 existants | Quota: 1440
    ... 3320 importés | 0 filtrés | 341 existants | Quota: 1430
    ... 3330 importés | 0 filtrés | 341 existants | Quota: 1420
    ... 3340 importés | 0 filtrés | 341 existants | Quota: 1410
    ... 3350 importés | 0 filtrés | 341 existants | Quota: 1399
    ... 3360 importés | 0 filtrés | 341 existants | Quota: 1389
    ... 3370 importés | 0 filtrés | 341 existants | Quota: 1379
    ... 3380 importés | 0 filtrés | 341 existants | Quota: 1369
    ... 3390 importés | 0 filtrés | 341 existants | Quota: 1359
    ... 3400 importés | 0 filtrés | 341 existants | Quota: 1349
    ... 3410 importés | 0 filtrés | 341 existants | Quota: 1339
    ... 3420 importés | 0 filtrés | 341 existants | Quota: 1329
    ... 3430 importés | 0 filtrés | 341 existants | Quota: 1319
    ... 3440 importés | 0 filtrés | 341 existants | Quota: 1309
    ... 3450 importés | 0 filtrés | 341 existants | Quota: 1298
    ... 3460 importés | 0 filtrés | 341 existants | Quota: 1288
    ... 3470 importés | 0 filtrés | 341 existants | Quota: 1278
    ... 3480 importés | 0 filtrés | 341 existants | Quota: 1268
    ... 3490 importés | 0 filtrés | 341 existants | Quota: 1258
    ... 3500 importés | 0 filtrés | 341 existants | Quota: 1248
    ... 3510 importés | 0 filtrés | 341 existants | Quota: 1238
    ... 3520 importés | 0 filtrés | 341 existants | Quota: 1228
    ... 3530 importés | 0 filtrés | 341 existants | Quota: 1218
    ... 3540 importés | 0 filtrés | 341 existants | Quota: 1208
    ... 3550 importés | 0 filtrés | 341 existants | Quota: 1197
    ... 3560 importés | 0 filtrés | 341 existants | Quota: 1187
    ... 3570 importés | 0 filtrés | 341 existants | Quota: 1177
    ... 3580 importés | 0 filtrés | 341 existants | Quota: 1167
    ... 3590 importés | 0 filtrés | 341 existants | Quota: 1157
    ... 3600 importés | 0 filtrés | 341 existants | Quota: 1147
    ... 3610 importés | 0 filtrés | 341 existants | Quota: 1137
    ... 3620 importés | 0 filtrés | 341 existants | Quota: 1127
    ... 3630 importés | 0 filtrés | 341 existants | Quota: 1117
    ... 3640 importés | 0 filtrés | 341 existants | Quota: 1107
    ... 3650 importés | 0 filtrés | 341 existants | Quota: 1096
    ... 3660 importés | 0 filtrés | 341 existants | Quota: 1086
    ... 3670 importés | 0 filtrés | 341 existants | Quota: 1076
    ... 3680 importés | 0 filtrés | 341 existants | Quota: 1066
    ... 3690 importés | 0 filtrés | 341 existants | Quota: 1056
    [ERR] Insert: value too long for type character varying(100)

    ... 3700 importés | 0 filtrés | 341 existants | Quota: 1045
    ... 3710 importés | 0 filtrés | 341 existants | Quota: 1035
    ... 3720 importés | 0 filtrés | 341 existants | Quota: 1025
    ... 3730 importés | 0 filtrés | 341 existants | Quota: 1015
    ... 3740 importés | 0 filtrés | 341 existants | Quota: 1005
    ... 3750 importés | 0 filtrés | 341 existants | Quota: 994
    ... 3760 importés | 0 filtrés | 341 existants | Quota: 984
    ... 3770 importés | 0 filtrés | 341 existants | Quota: 974
    ... 3780 importés | 0 filtrés | 341 existants | Quota: 964
    ... 3790 importés | 0 filtrés | 341 existants | Quota: 954
    ... 3800 importés | 0 filtrés | 341 existants | Quota: 944
    ... 3810 importés | 0 filtrés | 341 existants | Quota: 934
    ... 3820 importés | 0 filtrés | 341 existants | Quota: 924
    ... 3830 importés | 0 filtrés | 341 existants | Quota: 914
    ... 3840 importés | 0 filtrés | 341 existants | Quota: 904
    ... 3850 importés | 0 filtrés | 341 existants | Quota: 893
    ... 3860 importés | 0 filtrés | 341 existants | Quota: 883
    ... 3870 importés | 0 filtrés | 341 existants | Quota: 873
    ... 3880 importés | 0 filtrés | 341 existants | Quota: 863
    ... 3890 importés | 0 filtrés | 341 existants | Quota: 853
    ... 3900 importés | 0 filtrés | 341 existants | Quota: 843
    ... 3910 importés | 0 filtrés | 341 existants | Quota: 833
    ... 3920 importés | 0 filtrés | 341 existants | Quota: 823
    ... 3930 importés | 0 filtrés | 341 existants | Quota: 813
    ... 3940 importés | 0 filtrés | 341 existants | Quota: 803
    ... 3950 importés | 0 filtrés | 341 existants | Quota: 792
    ... 3960 importés | 0 filtrés | 341 existants | Quota: 782
    ... 3970 importés | 0 filtrés | 341 existants | Quota: 772
    ... 3980 importés | 0 filtrés | 341 existants | Quota: 762
    ... 3990 importés | 0 filtrés | 341 existants | Quota: 752
    ... 4000 importés | 0 filtrés | 341 existants | Quota: 742
    ... 4010 importés | 0 filtrés | 341 existants | Quota: 732
    ... 4020 importés | 0 filtrés | 341 existants | Quota: 722
    ... 4030 importés | 0 filtrés | 341 existants | Quota: 712
    ... 4040 importés | 0 filtrés | 341 existants | Quota: 702
    ... 4050 importés | 0 filtrés | 341 existants | Quota: 691
    ... 4060 importés | 0 filtrés | 341 existants | Quota: 681
    ... 4070 importés | 0 filtrés | 341 existants | Quota: 671
    [ERR] Insert: value too long for type character varying(100)

    ... 4080 importés | 0 filtrés | 341 existants | Quota: 660
    ... 4090 importés | 0 filtrés | 341 existants | Quota: 650
    ... 4100 importés | 0 filtrés | 341 existants | Quota: 640
    ... 4110 importés | 0 filtrés | 341 existants | Quota: 630
    ... 4120 importés | 0 filtrés | 341 existants | Quota: 620
    ... 4130 importés | 0 filtrés | 341 existants | Quota: 610
    ... 4140 importés | 0 filtrés | 341 existants | Quota: 600
    ... 4150 importés | 0 filtrés | 341 existants | Quota: 589
    ... 4160 importés | 0 filtrés | 341 existants | Quota: 579
    ... 4170 importés | 0 filtrés | 342 existants | Quota: 569
    ... 4180 importés | 0 filtrés | 342 existants | Quota: 559
    ... 4190 importés | 0 filtrés | 342 existants | Quota: 549
    ... 4200 importés | 0 filtrés | 342 existants | Quota: 539
    ... 4210 importés | 0 filtrés | 342 existants | Quota: 529
    ... 4220 importés | 0 filtrés | 342 existants | Quota: 519
    ... 4230 importés | 0 filtrés | 342 existants | Quota: 509
    ... 4240 importés | 0 filtrés | 342 existants | Quota: 499
    ... 4250 importés | 0 filtrés | 342 existants | Quota: 488
    ... 4260 importés | 0 filtrés | 342 existants | Quota: 478
    ... 4270 importés | 0 filtrés | 342 existants | Quota: 468
    ... 4280 importés | 0 filtrés | 342 existants | Quota: 458
    ... 4290 importés | 0 filtrés | 342 existants | Quota: 448
    ... 4300 importés | 0 filtrés | 342 existants | Quota: 438
    ... 4310 importés | 0 filtrés | 342 existants | Quota: 428
    ... 4320 importés | 0 filtrés | 342 existants | Quota: 418
    ... 4330 importés | 0 filtrés | 342 existants | Quota: 408
    ... 4340 importés | 0 filtrés | 342 existants | Quota: 398
    ... 4350 importés | 0 filtrés | 342 existants | Quota: 387
    ... 4360 importés | 0 filtrés | 342 existants | Quota: 377
    ... 4370 importés | 0 filtrés | 342 existants | Quota: 367
    ... 4380 importés | 0 filtrés | 342 existants | Quota: 357
    ... 4390 importés | 0 filtrés | 342 existants | Quota: 347
    ... 4400 importés | 0 filtrés | 342 existants | Quota: 337
    ... 4410 importés | 0 filtrés | 342 existants | Quota: 327
    ... 4420 importés | 0 filtrés | 342 existants | Quota: 317
    ... 4430 importés | 0 filtrés | 342 existants | Quota: 307
    ... 4440 importés | 0 filtrés | 343 existants | Quota: 297
    ... 4450 importés | 0 filtrés | 343 existants | Quota: 286
    ... 4460 importés | 0 filtrés | 343 existants | Quota: 276
    ... 4470 importés | 0 filtrés | 343 existants | Quota: 266
    ... 4480 importés | 0 filtrés | 343 existants | Quota: 256
    ... 4490 importés | 0 filtrés | 343 existants | Quota: 246
    ... 4500 importés | 0 filtrés | 343 existants | Quota: 236
    ... 4510 importés | 0 filtrés | 343 existants | Quota: 226
    ... 4520 importés | 0 filtrés | 343 existants | Quota: 216
    ... 4530 importés | 0 filtrés | 343 existants | Quota: 206
    ... 4540 importés | 0 filtrés | 343 existants | Quota: 196
    ... 4550 importés | 0 filtrés | 343 existants | Quota: 185
    ... 4560 importés | 0 filtrés | 343 existants | Quota: 175
    ... 4570 importés | 0 filtrés | 343 existants | Quota: 165
    ... 4580 importés | 0 filtrés | 343 existants | Quota: 155
    ... 4590 importés | 0 filtrés | 343 existants | Quota: 145
    ... 4600 importés | 0 filtrés | 343 existants | Quota: 135
    ... 4610 importés | 0 filtrés | 343 existants | Quota: 125
    ... 4620 importés | 0 filtrés | 343 existants | Quota: 115
    ... 4630 importés | 0 filtrés | 343 existants | Quota: 105
    ... 4640 importés | 0 filtrés | 343 existants | Quota: 95
    ... 4650 importés | 0 filtrés | 343 existants | Quota: 84
    ... 4660 importés | 0 filtrés | 343 existants | Quota: 74
    ... 4670 importés | 0 filtrés | 343 existants | Quota: 64
    ... 4680 importés | 0 filtrés | 343 existants | Quota: 54
    ... 4690 importés | 0 filtrés | 343 existants | Quota: 44
    ... 4700 importés | 0 filtrés | 343 existants | Quota: 34
    ... 4710 importés | 0 filtrés | 343 existants | Quota: 24
    ... 4720 importés | 0 filtrés | 343 existants | Quota: 14
    ... 4730 importés | 0 filtrés | 343 existants | Quota: 4
  >>> qccm: +4730 importés | 0 filtrés | 343 existants

[STOP GLOBAL] Quota épuisé — 4796 requêtes utilisées

============================================================
  RÉSUMÉ IMPORT CANLII
============================================================
  Nouveaux dossiers:  4730
  Filtrés (hors-sujet): 0
  Déjà existants:    343
  Requêtes utilisées: 4796/4800
  Total en DB:       5497

  Par type d'infraction:
    autre                       4725
    stop                           5
============================================================
============================================================
  CANLII IMPORT — TRAFFIC TICKETS (vitesse/cell/alcool)
  Date: 2026-02-15 01:00
  Max requêtes: 4800
  Mode: PRODUCTION
============================================================

  Dossiers déjà importés: 5610

──────────────────────────────────────────────────
  Cours municipales QC (qccm) — Priority 1
──────────────────────────────────────────────────
    [THROTTLE] HTTP 429 — backoff 3s (x1)
  [STOP] Quota atteint
  >>> qccm: +0 importés | 0 filtrés | 100 existants

──────────────────────────────────────────────────
  Cour du Québec (qccq) — Priority 2
──────────────────────────────────────────────────
    ... 10 importés | 1710 filtrés | 0 existants | Quota: 4770
    ... 20 importés | 4406 filtrés | 0 existants | Quota: 4733
    ... 30 importés | 6414 filtrés | 0 existants | Quota: 4703
    ... 40 importés | 8530 filtrés | 0 existants | Quota: 4672
    ... 50 importés | 11057 filtrés | 2 existants | Quota: 4636
    ... 60 importés | 13545 filtrés | 2 existants | Quota: 4601
    ... 70 importés | 16467 filtrés | 2 existants | Quota: 4562
    ... 80 importés | 17938 filtrés | 2 existants | Quota: 4537
    ... 90 importés | 19563 filtrés | 2 existants | Quota: 4511
    ... 100 importés | 24360 filtrés | 2 existants | Quota: 4453
    ... 110 importés | 26960 filtrés | 2 existants | Quota: 4417
    ... 120 importés | 30799 filtrés | 2 existants | Quota: 4368
    [WARN] HTTP 502 pour qccq
  [DONE] Fin des résultats à offset 33300
  >>> qccq: +126 importés | 33172 filtrés | 2 existants

──────────────────────────────────────────────────
  Cour supérieure QC (qccs) — Priority 3
──────────────────────────────────────────────────
    ... 10 importés | 951 filtrés | 1 existants | Quota: 4318
    ... 20 importés | 2542 filtrés | 2 existants | Quota: 4292
    ... 30 importés | 3333 filtrés | 2 existants | Quota: 4274
    ... 40 importés | 4417 filtrés | 2 existants | Quota: 4253
    ... 50 importés | 5681 filtrés | 3 existants | Quota: 4230
    ... 60 importés | 7369 filtrés | 3 existants | Quota: 4203
    ... 70 importés | 9523 filtrés | 3 existants | Quota: 4172
    ... 80 importés | 12469 filtrés | 3 existants | Quota: 4132
    ... 90 importés | 13797 filtrés | 3 existants | Quota: 4109
    [WARN] HTTP 502 pour qccs
  [DONE] Fin des résultats à offset 14400
  >>> qccs: +94 importés | 14303 filtrés | 3 existants

──────────────────────────────────────────────────
  Cour d'appel QC (qcca) — Priority 3
──────────────────────────────────────────────────
    ... 10 importés | 701 filtrés | 0 existants | Quota: 4081
    ... 20 importés | 2387 filtrés | 0 existants | Quota: 4054
    ... 30 importés | 4026 filtrés | 1 existants | Quota: 4028
    ... 40 importés | 7091 filtrés | 1 existants | Quota: 3987
    ... 50 importés | 10879 filtrés | 1 existants | Quota: 3939
    ... 60 importés | 12945 filtrés | 1 existants | Quota: 3908
    ... 70 importés | 15870 filtrés | 1 existants | Quota: 3869
    ... 80 importés | 17001 filtrés | 1 existants | Quota: 3848
    ... 90 importés | 18543 filtrés | 1 existants | Quota: 3822
    ... 100 importés | 19539 filtrés | 1 existants | Quota: 3802
    ... 110 importés | 20512 filtrés | 1 existants | Quota: 3782
    ... 120 importés | 21523 filtrés | 1 existants | Quota: 3762
    ... 130 importés | 22016 filtrés | 1 existants | Quota: 3747
    ... 140 importés | 23381 filtrés | 1 existants | Quota: 3723
    [WARN] HTTP 502 pour qcca
  [DONE] Fin des résultats à offset 23600
  >>> qcca: +140 importés | 23459 filtrés | 1 existants

──────────────────────────────────────────────────
  Ontario Court of Justice (oncj) — Priority 1
──────────────────────────────────────────────────
    ... 10 importés | 4973 filtrés | 1 existants | Quota: 3662
    ... 20 importés | 11376 filtrés | 6 existants | Quota: 3587
    ... 30 importés | 14232 filtrés | 8 existants | Quota: 3549
  [DONE] Fin des résultats à offset 18000
  >>> oncj: +39 importés | 17893 filtrés | 8 existants

──────────────────────────────────────────────────
  Divisional Court ON (onscdc) — Priority 2
──────────────────────────────────────────────────
    ... 10 importés | 1366 filtrés | 3 existants | Quota: 3478
    ... 20 importés | 2453 filtrés | 5 existants | Quota: 3457
    ... 30 importés | 3893 filtrés | 11 existants | Quota: 3432
    ... 40 importés | 4761 filtrés | 16 existants | Quota: 3413
    ... 50 importés | 5803 filtrés | 24 existants | Quota: 3393
    ... 60 importés | 6597 filtrés | 28 existants | Quota: 3375
    ... 70 importés | 7091 filtrés | 33 existants | Quota: 3360
    ... 80 importés | 7883 filtrés | 42 existants | Quota: 3341
    ... 90 importés | 8283 filtrés | 48 existants | Quota: 3327
    ... 100 importés | 9008 filtrés | 56 existants | Quota: 3310
    ... 110 importés | 9284 filtrés | 56 existants | Quota: 3297
    ... 120 importés | 9558 filtrés | 58 existants | Quota: 3284
  [DONE] Fin des résultats à offset 10800
  >>> onscdc: +127 importés | 10544 filtrés | 62 existants

──────────────────────────────────────────────────
  Court of Appeal ON (onca) — Priority 3
──────────────────────────────────────────────────
    [WARN] HTTP 502 pour onca
  [DONE] Fin des résultats à offset 200
  >>> onca: +1 importés | 198 filtrés | 1 existants

============================================================
  RÉSUMÉ IMPORT CANLII
============================================================
  Nouveaux dossiers:  527
  Filtrés (hors-sujet): 99569
  Déjà existants:    177
  Requêtes utilisées: 1538/4800
  Total en DB:       6137

  Par type d'infraction:
    autre                        411
    stop                          49
    alcool                        43
    permis                        19
    cellulaire                     3
    vitesse                        2
============================================================
