=== ScanTicket V1 — Populate Embeddings ===
Modele: https://api.fireworks.ai/inference/v1/
Force re-embed: False

Dossiers a embedder: 25904
  [50/25904] 31.1 docs/s | 6533 tokens
  [100/25904] 35.2 docs/s | 13237 tokens
  [150/25904] 37.3 docs/s | 19926 tokens
  [200/25904] 38.7 docs/s | 26585 tokens
  [250/25904] 37.4 docs/s | 33341 tokens
  [300/25904] 38.3 docs/s | 39428 tokens
  [350/25904] 39.4 docs/s | 45975 tokens
  [400/25904] 39.9 docs/s | 52396 tokens
  [450/25904] 40.7 docs/s | 58811 tokens
  [500/25904] 41.1 docs/s | 65144 tokens
  [550/25904] 41.5 docs/s | 71064 tokens
  [600/25904] 41.7 docs/s | 77696 tokens
  [650/25904] 42.0 docs/s | 84134 tokens
  [700/25904] 42.2 docs/s | 90513 tokens
  [750/25904] 42.5 docs/s | 97147 tokens
  [800/25904] 42.6 docs/s | 103893 tokens
  [850/25904] 42.8 docs/s | 109153 tokens
  [900/25904] 43.0 docs/s | 115382 tokens
  [950/25904] 43.2 docs/s | 121593 tokens
  [1000/25904] 43.3 docs/s | 128272 tokens
  [1050/25904] 43.3 docs/s | 134323 tokens
  [1100/25904] 43.4 docs/s | 140113 tokens
  [1150/25904] 43.5 docs/s | 146041 tokens
  [1200/25904] 43.7 docs/s | 152004 tokens
  [1250/25904] 43.8 docs/s | 158249 tokens
  [1300/25904] 43.8 docs/s | 164484 tokens
  [1350/25904] 43.8 docs/s | 171083 tokens
  [1400/25904] 43.8 docs/s | 177223 tokens
  [1450/25904] 43.8 docs/s | 183576 tokens
  [1500/25904] 43.9 docs/s | 189988 tokens
  [1550/25904] 44.0 docs/s | 195837 tokens
  [1600/25904] 44.0 docs/s | 202077 tokens
  [1650/25904] 43.9 docs/s | 207942 tokens
  [1700/25904] 43.9 docs/s | 214308 tokens
  [1750/25904] 43.8 docs/s | 220513 tokens
  [1800/25904] 43.8 docs/s | 227042 tokens
  [1850/25904] 43.8 docs/s | 233506 tokens
  [1900/25904] 43.8 docs/s | 240071 tokens
  [1950/25904] 43.7 docs/s | 246054 tokens
  [2000/25904] 43.7 docs/s | 251941 tokens
  [2050/25904] 43.7 docs/s | 257936 tokens
  [2100/25904] 43.7 docs/s | 263955 tokens
  [2150/25904] 43.7 docs/s | 270109 tokens
  [2200/25904] 43.7 docs/s | 276393 tokens
  [2250/25904] 43.7 docs/s | 282545 tokens
  [2300/25904] 43.7 docs/s | 288533 tokens
  [2350/25904] 43.7 docs/s | 294888 tokens
  [2400/25904] 43.7 docs/s | 300488 tokens
  [2450/25904] 43.7 docs/s | 306176 tokens
  [2500/25904] 43.5 docs/s | 311520 tokens
  [2550/25904] 43.6 docs/s | 317429 tokens
  [2600/25904] 43.6 docs/s | 323342 tokens
  [2650/25904] 43.6 docs/s | 329244 tokens
  [2700/25904] 43.6 docs/s | 335249 tokens
  [2750/25904] 43.6 docs/s | 340814 tokens
  [2800/25904] 43.6 docs/s | 346613 tokens
  [2850/25904] 43.6 docs/s | 352229 tokens
  [2900/25904] 43.7 docs/s | 358649 tokens
  [2950/25904] 43.7 docs/s | 364923 tokens
  [3000/25904] 43.7 docs/s | 371357 tokens
  [3050/25904] 43.7 docs/s | 377670 tokens
  [3100/25904] 43.7 docs/s | 384066 tokens
  [3150/25904] 43.7 docs/s | 390336 tokens
  [3200/25904] 43.7 docs/s | 396612 tokens
  [3250/25904] 43.7 docs/s | 402345 tokens
  [3300/25904] 43.9 docs/s | 408169 tokens
  [3350/25904] 43.9 docs/s | 413967 tokens
  [3400/25904] 43.9 docs/s | 420326 tokens
  [3450/25904] 43.9 docs/s | 426833 tokens
  [3500/25904] 43.9 docs/s | 432825 tokens
  [3550/25904] 43.9 docs/s | 438818 tokens
  [3600/25904] 43.9 docs/s | 445216 tokens
  [3650/25904] 44.0 docs/s | 451577 tokens
  [3700/25904] 44.0 docs/s | 458415 tokens
  [3750/25904] 43.8 docs/s | 464766 tokens
  [3800/25904] 43.9 docs/s | 471489 tokens
  [3850/25904] 43.9 docs/s | 477760 tokens
  [3900/25904] 44.0 docs/s | 484000 tokens
  [3950/25904] 44.0 docs/s | 490109 tokens
  [4000/25904] 44.0 docs/s | 496721 tokens
  [4050/25904] 44.0 docs/s | 503221 tokens
  [4100/25904] 44.0 docs/s | 509645 tokens
  [4150/25904] 43.9 docs/s | 515811 tokens
  [4200/25904] 43.9 docs/s | 522068 tokens
  [4250/25904] 43.9 docs/s | 528437 tokens
  [4300/25904] 44.0 docs/s | 535391 tokens
  [4350/25904] 44.0 docs/s | 541914 tokens
  [4400/25904] 44.0 docs/s | 548183 tokens
  [4450/25904] 43.8 docs/s | 554809 tokens
  [4500/25904] 43.8 docs/s | 560771 tokens
  [4550/25904] 43.7 docs/s | 567160 tokens
  [4600/25904] 43.7 docs/s | 573619 tokens
  [4650/25904] 43.8 docs/s | 580069 tokens
  [4700/25904] 43.8 docs/s | 586079 tokens
  [4750/25904] 43.8 docs/s | 592600 tokens
  [4800/25904] 43.8 docs/s | 599049 tokens
  [4850/25904] 43.8 docs/s | 606379 tokens
  [4900/25904] 43.8 docs/s | 613277 tokens
  [4950/25904] 43.8 docs/s | 619306 tokens
  [5000/25904] 43.8 docs/s | 624789 tokens
  [5050/25904] 43.9 docs/s | 630429 tokens
  [5100/25904] 43.8 docs/s | 636382 tokens
  [5150/25904] 43.9 docs/s | 643205 tokens
  [5200/25904] 43.9 docs/s | 650618 tokens
  [5250/25904] 43.9 docs/s | 659064 tokens
  [5300/25904] 43.9 docs/s | 667455 tokens
  [5350/25904] 43.9 docs/s | 675537 tokens
  [5400/25904] 43.9 docs/s | 683955 tokens
  [5450/25904] 43.9 docs/s | 692674 tokens
  [5500/25904] 43.9 docs/s | 701015 tokens
  [5550/25904] 43.9 docs/s | 709778 tokens
  [5600/25904] 43.9 docs/s | 718417 tokens
  [5650/25904] 43.8 docs/s | 727669 tokens
  [5700/25904] 43.9 docs/s | 736188 tokens
  [5750/25904] 43.8 docs/s | 745239 tokens
  [5800/25904] 43.9 docs/s | 754088 tokens
  [5850/25904] 43.9 docs/s | 762669 tokens
  [5900/25904] 43.7 docs/s | 771691 tokens
  [5950/25904] 43.7 docs/s | 780628 tokens
  [6000/25904] 43.7 docs/s | 789558 tokens
  [6050/25904] 43.7 docs/s | 797784 tokens
  [6100/25904] 43.7 docs/s | 806249 tokens
  [6150/25904] 43.7 docs/s | 814757 tokens
  [6200/25904] 43.7 docs/s | 823551 tokens
  [6250/25904] 43.8 docs/s | 832516 tokens
  [6300/25904] 43.7 docs/s | 841384 tokens
  [6350/25904] 43.7 docs/s | 850156 tokens
  [6400/25904] 43.7 docs/s | 858980 tokens
  [6450/25904] 43.7 docs/s | 868109 tokens
  [6500/25904] 43.7 docs/s | 877177 tokens
  [6550/25904] 43.7 docs/s | 886124 tokens
  [6600/25904] 43.7 docs/s | 893548 tokens
  [6650/25904] 43.7 docs/s | 901316 tokens
  [6700/25904] 43.8 docs/s | 910035 tokens
  [6750/25904] 43.8 docs/s | 917944 tokens
  [6800/25904] 43.8 docs/s | 926157 tokens
  [6850/25904] 43.8 docs/s | 934490 tokens
  [6900/25904] 43.8 docs/s | 943368 tokens
  [6950/25904] 43.8 docs/s | 951425 tokens
  [7000/25904] 43.9 docs/s | 960640 tokens
  [7050/25904] 43.9 docs/s | 969637 tokens
  [7100/25904] 43.8 docs/s | 978475 tokens
  [7150/25904] 43.9 docs/s | 987372 tokens
  [7200/25904] 43.9 docs/s | 995742 tokens
  [7250/25904] 43.9 docs/s | 1004134 tokens
  [7300/25904] 43.8 docs/s | 1012890 tokens
  [7350/25904] 43.8 docs/s | 1021878 tokens
  [7400/25904] 43.9 docs/s | 1030236 tokens
  [7450/25904] 43.9 docs/s | 1038426 tokens
  [7500/25904] 43.9 docs/s | 1047165 tokens
  [7550/25904] 43.9 docs/s | 1055361 tokens
  [7600/25904] 43.9 docs/s | 1063795 tokens
  [7650/25904] 43.9 docs/s | 1072430 tokens
  [7700/25904] 43.9 docs/s | 1081002 tokens
  [7750/25904] 43.9 docs/s | 1089318 tokens
  [7800/25904] 43.9 docs/s | 1096948 tokens
  [7850/25904] 43.9 docs/s | 1104621 tokens
  [7900/25904] 43.9 docs/s | 1112226 tokens
  [7950/25904] 43.9 docs/s | 1119849 tokens
  [8000/25904] 43.9 docs/s | 1128781 tokens
  [8050/25904] 43.8 docs/s | 1137033 tokens
  [8100/25904] 43.8 docs/s | 1145263 tokens
  [8150/25904] 43.8 docs/s | 1153549 tokens
  [8200/25904] 43.8 docs/s | 1162438 tokens
  [8250/25904] 43.8 docs/s | 1171473 tokens
  [8300/25904] 43.8 docs/s | 1180322 tokens
  [8350/25904] 43.8 docs/s | 1188981 tokens
  [8400/25904] 43.8 docs/s | 1197690 tokens
  [8450/25904] 43.8 docs/s | 1206214 tokens
  [8500/25904] 43.7 docs/s | 1214494 tokens
  [8550/25904] 43.6 docs/s | 1223611 tokens
  [8600/25904] 43.6 docs/s | 1232329 tokens
  [8650/25904] 43.6 docs/s | 1240701 tokens
  [8700/25904] 43.6 docs/s | 1249113 tokens
  [8750/25904] 43.6 docs/s | 1257223 tokens
  [8800/25904] 43.5 docs/s | 1265957 tokens
  [8850/25904] 43.6 docs/s | 1274487 tokens
  [8900/25904] 43.6 docs/s | 1283170 tokens
  [8950/25904] 43.6 docs/s | 1291585 tokens
  [9000/25904] 43.6 docs/s | 1299872 tokens
  [9050/25904] 43.6 docs/s | 1308419 tokens
  [9100/25904] 43.6 docs/s | 1316721 tokens
  [9150/25904] 43.6 docs/s | 1325212 tokens
  [9200/25904] 43.6 docs/s | 1334007 tokens
  [9250/25904] 43.6 docs/s | 1342944 tokens
  [9300/25904] 43.6 docs/s | 1351227 tokens
  [9350/25904] 43.6 docs/s | 1359620 tokens
  [9400/25904] 43.5 docs/s | 1367829 tokens
  [9450/25904] 43.6 docs/s | 1376343 tokens
  [9500/25904] 43.5 docs/s | 1384699 tokens
  [9550/25904] 43.5 docs/s | 1393389 tokens
  [9600/25904] 43.5 docs/s | 1402623 tokens
  [9650/25904] 43.5 docs/s | 1411639 tokens
  [9700/25904] 43.5 docs/s | 1420127 tokens
  [9750/25904] 43.5 docs/s | 1428324 tokens
  [9800/25904] 43.5 docs/s | 1436206 tokens
  [9850/25904] 43.6 docs/s | 1445003 tokens
  [9900/25904] 43.6 docs/s | 1454094 tokens
  [9950/25904] 43.6 docs/s | 1462554 tokens
  [10000/25904] 43.6 docs/s | 1471211 tokens
  [10050/25904] 43.6 docs/s | 1479513 tokens
  [10100/25904] 43.6 docs/s | 1488132 tokens
  [10150/25904] 43.5 docs/s | 1496647 tokens
  [10200/25904] 43.6 docs/s | 1505003 tokens
  [10250/25904] 43.5 docs/s | 1513563 tokens
  [10300/25904] 43.5 docs/s | 1521341 tokens
  [10350/25904] 43.5 docs/s | 1529719 tokens
  [10400/25904] 43.5 docs/s | 1538153 tokens
  [10450/25904] 43.5 docs/s | 1546884 tokens
  [10500/25904] 43.5 docs/s | 1555203 tokens
  [10550/25904] 43.5 docs/s | 1563948 tokens
  [10600/25904] 43.5 docs/s | 1572760 tokens
  [10650/25904] 43.5 docs/s | 1581176 tokens
  [10700/25904] 43.5 docs/s | 1589625 tokens
  [10750/25904] 43.5 docs/s | 1598128 tokens
  [10800/25904] 43.5 docs/s | 1606760 tokens
  [10850/25904] 43.4 docs/s | 1615317 tokens
  [10900/25904] 43.4 docs/s | 1624272 tokens
  [10950/25904] 43.4 docs/s | 1633124 tokens
  [11000/25904] 43.4 docs/s | 1642071 tokens
  [11050/25904] 43.5 docs/s | 1651430 tokens
  [11100/25904] 43.5 docs/s | 1659545 tokens
  [11150/25904] 43.5 docs/s | 1667485 tokens
  [11200/25904] 43.5 docs/s | 1675749 tokens
  [11250/25904] 43.5 docs/s | 1684150 tokens
  [11300/25904] 43.5 docs/s | 1692883 tokens
  [11350/25904] 43.5 docs/s | 1701658 tokens
  [11400/25904] 43.5 docs/s | 1710469 tokens
  [11450/25904] 43.5 docs/s | 1719460 tokens
  [11500/25904] 43.5 docs/s | 1727502 tokens
  [11550/25904] 43.5 docs/s | 1736432 tokens
  [11600/25904] 43.5 docs/s | 1744496 tokens
  [11650/25904] 43.5 docs/s | 1752230 tokens
  [11700/25904] 43.5 docs/s | 1760538 tokens
  [11750/25904] 43.5 docs/s | 1769347 tokens
  [11800/25904] 43.5 docs/s | 1778100 tokens
  [11850/25904] 43.5 docs/s | 1786910 tokens
  [11900/25904] 43.5 docs/s | 1794980 tokens
  [11950/25904] 43.6 docs/s | 1803562 tokens
  [12000/25904] 43.6 docs/s | 1812757 tokens
  [12050/25904] 43.5 docs/s | 1821713 tokens
  [12100/25904] 43.5 docs/s | 1830611 tokens
  [12150/25904] 43.5 docs/s | 1838787 tokens
  [12200/25904] 43.5 docs/s | 1846699 tokens
  [12250/25904] 43.4 docs/s | 1855199 tokens
  [12300/25904] 43.4 docs/s | 1863642 tokens
  [12350/25904] 43.4 docs/s | 1872293 tokens
  [12400/25904] 43.4 docs/s | 1881032 tokens
  [12450/25904] 43.4 docs/s | 1889068 tokens
  [12500/25904] 43.5 docs/s | 1897123 tokens
  [12550/25904] 43.5 docs/s | 1905384 tokens
  [12600/25904] 43.5 docs/s | 1914942 tokens
  [12650/25904] 43.5 docs/s | 1923152 tokens
  [12700/25904] 43.5 docs/s | 1931645 tokens
  [12750/25904] 43.5 docs/s | 1940188 tokens
  [12800/25904] 43.5 docs/s | 1948863 tokens
  [12850/25904] 43.5 docs/s | 1957865 tokens
  [12900/25904] 43.5 docs/s | 1966546 tokens
  [12950/25904] 43.4 docs/s | 1975915 tokens
  [13000/25904] 43.4 docs/s | 1984198 tokens
  [13050/25904] 43.4 docs/s | 1993410 tokens
  [13100/25904] 43.4 docs/s | 2001712 tokens
  [13150/25904] 43.4 docs/s | 2010285 tokens
  [13200/25904] 43.4 docs/s | 2018867 tokens
  [13250/25904] 43.4 docs/s | 2028199 tokens
  [13300/25904] 43.4 docs/s | 2036979 tokens
  [13350/25904] 43.4 docs/s | 2045612 tokens
  [13400/25904] 43.4 docs/s | 2054258 tokens
  [13450/25904] 43.4 docs/s | 2063194 tokens
  [13500/25904] 43.4 docs/s | 2071585 tokens
  [13550/25904] 43.4 docs/s | 2079661 tokens
  [13600/25904] 43.4 docs/s | 2087506 tokens
  [13650/25904] 43.4 docs/s | 2095209 tokens
  [13700/25904] 43.4 docs/s | 2103907 tokens
  [13750/25904] 43.4 docs/s | 2112494 tokens
  [13800/25904] 43.4 docs/s | 2120754 tokens
  [13850/25904] 43.4 docs/s | 2129132 tokens
  [13900/25904] 43.4 docs/s | 2138100 tokens
  [13950/25904] 43.4 docs/s | 2146912 tokens
  [14000/25904] 43.4 docs/s | 2155558 tokens
  [14050/25904] 43.4 docs/s | 2164330 tokens
  [14100/25904] 43.4 docs/s | 2172729 tokens
  [14150/25904] 43.4 docs/s | 2181305 tokens
  [14200/25904] 43.4 docs/s | 2189801 tokens
  [14250/25904] 43.4 docs/s | 2199252 tokens
  [14300/25904] 43.4 docs/s | 2207310 tokens
  [14350/25904] 43.4 docs/s | 2216075 tokens
  [14400/25904] 43.4 docs/s | 2225064 tokens
  [14450/25904] 43.4 docs/s | 2233887 tokens
  [14500/25904] 43.4 docs/s | 2243303 tokens
  [14550/25904] 43.4 docs/s | 2252254 tokens
  [14600/25904] 43.4 docs/s | 2261706 tokens
  [14650/25904] 43.4 docs/s | 2270740 tokens
  [14700/25904] 43.4 docs/s | 2279421 tokens
  [14750/25904] 43.4 docs/s | 2288292 tokens
  [14800/25904] 43.4 docs/s | 2297168 tokens
  [14850/25904] 43.4 docs/s | 2305658 tokens
  [14900/25904] 43.4 docs/s | 2314603 tokens
  [14950/25904] 43.4 docs/s | 2323573 tokens
  [15000/25904] 43.4 docs/s | 2331940 tokens
  [15050/25904] 43.4 docs/s | 2341066 tokens
  [15100/25904] 43.4 docs/s | 2349527 tokens
  [15150/25904] 43.5 docs/s | 2358289 tokens
  [15200/25904] 43.5 docs/s | 2367025 tokens
  [15250/25904] 43.5 docs/s | 2375397 tokens
  [15300/25904] 43.5 docs/s | 2383894 tokens
  [15350/25904] 43.5 docs/s | 2392658 tokens
  [15400/25904] 43.5 docs/s | 2400687 tokens
  [15450/25904] 43.5 docs/s | 2409286 tokens
  [15500/25904] 43.5 docs/s | 2418685 tokens
  [15550/25904] 43.5 docs/s | 2427400 tokens
  [15600/25904] 43.5 docs/s | 2435938 tokens
  [15650/25904] 43.4 docs/s | 2445198 tokens
  [15700/25904] 43.4 docs/s | 2453957 tokens
  [15750/25904] 43.4 docs/s | 2463149 tokens
  [15800/25904] 43.4 docs/s | 2472141 tokens
  [15850/25904] 43.4 docs/s | 2481138 tokens
  [15900/25904] 43.4 docs/s | 2489570 tokens
  [15950/25904] 43.4 docs/s | 2498314 tokens
  [16000/25904] 43.4 docs/s | 2506938 tokens
  [16050/25904] 43.4 docs/s | 2516052 tokens
  [16100/25904] 43.4 docs/s | 2524948 tokens
  [16150/25904] 43.4 docs/s | 2533552 tokens
  [16200/25904] 43.4 docs/s | 2542285 tokens
  [16250/25904] 43.4 docs/s | 2551061 tokens
  [16300/25904] 43.4 docs/s | 2559416 tokens
  [16350/25904] 43.4 docs/s | 2568133 tokens
  [16400/25904] 43.4 docs/s | 2576103 tokens
  [16450/25904] 43.4 docs/s | 2585105 tokens
  [16500/25904] 43.4 docs/s | 2593532 tokens
  [16550/25904] 43.4 docs/s | 2601816 tokens
  [16600/25904] 43.4 docs/s | 2610979 tokens
  [16650/25904] 43.4 docs/s | 2620212 tokens
  [16700/25904] 43.4 docs/s | 2629168 tokens
  [16750/25904] 43.4 docs/s | 2637977 tokens
  [16800/25904] 43.4 docs/s | 2646819 tokens
  [16850/25904] 43.4 docs/s | 2655429 tokens
  [16900/25904] 43.4 docs/s | 2664047 tokens
  [16950/25904] 43.4 docs/s | 2672742 tokens
  [17000/25904] 43.4 docs/s | 2681267 tokens
  [17050/25904] 43.4 docs/s | 2690060 tokens
  [17100/25904] 43.4 docs/s | 2699236 tokens
  [17150/25904] 43.4 docs/s | 2708225 tokens
  [17200/25904] 43.4 docs/s | 2716746 tokens
  [17250/25904] 43.4 docs/s | 2725648 tokens
  [17300/25904] 43.4 docs/s | 2734375 tokens
  [17350/25904] 43.4 docs/s | 2742863 tokens
  [17400/25904] 43.4 docs/s | 2751738 tokens
  [17450/25904] 43.4 docs/s | 2760754 tokens
  [17500/25904] 43.4 docs/s | 2770206 tokens
  [17550/25904] 43.3 docs/s | 2779055 tokens
  [17600/25904] 43.4 docs/s | 2787856 tokens
  [17650/25904] 43.4 docs/s | 2796981 tokens
  [17700/25904] 43.4 docs/s | 2806207 tokens
  [17750/25904] 43.4 docs/s | 2814918 tokens
  [17800/25904] 43.4 docs/s | 2823699 tokens
  [17850/25904] 43.4 docs/s | 2832475 tokens
  [17900/25904] 43.4 docs/s | 2841055 tokens
  [17950/25904] 43.4 docs/s | 2849847 tokens
  [18000/25904] 43.4 docs/s | 2858375 tokens
  [18050/25904] 43.4 docs/s | 2867558 tokens
  [18100/25904] 43.4 docs/s | 2876440 tokens
  [18150/25904] 43.4 docs/s | 2884309 tokens
  [18200/25904] 43.4 docs/s | 2891674 tokens
  [18250/25904] 43.4 docs/s | 2900254 tokens
  [18300/25904] 43.4 docs/s | 2908032 tokens
  [18350/25904] 43.4 docs/s | 2916256 tokens
  [18400/25904] 43.4 docs/s | 2925239 tokens
  [18450/25904] 43.4 docs/s | 2933995 tokens
  [18500/25904] 43.4 docs/s | 2943365 tokens
  [18550/25904] 43.3 docs/s | 2951700 tokens
  [18600/25904] 43.3 docs/s | 2960261 tokens
  [18650/25904] 43.3 docs/s | 2967783 tokens
  [18700/25904] 43.3 docs/s | 2975829 tokens
  [18750/25904] 43.3 docs/s | 2984622 tokens
  [18800/25904] 43.3 docs/s | 2993358 tokens
  [18850/25904] 43.3 docs/s | 3001851 tokens
  [18900/25904] 43.3 docs/s | 3011243 tokens
  [18950/25904] 43.3 docs/s | 3020505 tokens
  [19000/25904] 43.3 docs/s | 3028832 tokens
  [19050/25904] 43.3 docs/s | 3037559 tokens
  [19100/25904] 43.3 docs/s | 3046262 tokens
  [19150/25904] 43.4 docs/s | 3054622 tokens
  [19200/25904] 43.3 docs/s | 3063538 tokens
  [19250/25904] 43.3 docs/s | 3072763 tokens
  [19300/25904] 43.3 docs/s | 3081684 tokens
  [19350/25904] 43.3 docs/s | 3090325 tokens
  [19400/25904] 43.3 docs/s | 3098802 tokens
  [19450/25904] 43.3 docs/s | 3107109 tokens
  [19500/25904] 43.3 docs/s | 3116051 tokens
  [19550/25904] 43.3 docs/s | 3124795 tokens
  [19600/25904] 43.3 docs/s | 3133880 tokens
  [19650/25904] 43.3 docs/s | 3142844 tokens
  [19700/25904] 43.3 docs/s | 3152157 tokens
  [19750/25904] 43.3 docs/s | 3161070 tokens
  [19800/25904] 43.3 docs/s | 3169906 tokens
  [19850/25904] 43.3 docs/s | 3178358 tokens
  [19900/25904] 43.3 docs/s | 3187583 tokens
  [19950/25904] 43.3 docs/s | 3196367 tokens
  [20000/25904] 43.3 docs/s | 3205275 tokens
  [20050/25904] 43.3 docs/s | 3213139 tokens
  [20100/25904] 43.3 docs/s | 3221372 tokens
  [20150/25904] 43.3 docs/s | 3229899 tokens
  [20200/25904] 43.3 docs/s | 3238281 tokens
  [20250/25904] 43.3 docs/s | 3246527 tokens
  [20300/25904] 43.3 docs/s | 3254822 tokens
  [20350/25904] 43.3 docs/s | 3263435 tokens
  [20400/25904] 43.3 docs/s | 3271422 tokens
  [20450/25904] 43.3 docs/s | 3279830 tokens
  [20500/25904] 43.3 docs/s | 3288690 tokens
  [20550/25904] 43.3 docs/s | 3297072 tokens
  [20600/25904] 43.3 docs/s | 3305857 tokens
  [20650/25904] 43.3 docs/s | 3314243 tokens
  [20700/25904] 43.3 docs/s | 3323268 tokens
  [20750/25904] 43.3 docs/s | 3331997 tokens
  [20800/25904] 43.3 docs/s | 3340632 tokens
  [20850/25904] 43.3 docs/s | 3349672 tokens
  [20900/25904] 43.3 docs/s | 3358579 tokens
  [20950/25904] 43.3 docs/s | 3367661 tokens
  [21000/25904] 43.3 docs/s | 3376588 tokens
  [21050/25904] 43.3 docs/s | 3385234 tokens
  [21100/25904] 43.3 docs/s | 3393526 tokens
  [21150/25904] 43.3 docs/s | 3401846 tokens
  [21200/25904] 43.3 docs/s | 3410693 tokens
  [21250/25904] 43.3 docs/s | 3418106 tokens
  [21300/25904] 43.3 docs/s | 3423065 tokens
  [21350/25904] 43.3 docs/s | 3427979 tokens
  [21400/25904] 43.3 docs/s | 3432798 tokens
  [21450/25904] 43.3 docs/s | 3437967 tokens
  [21500/25904] 43.3 docs/s | 3443205 tokens
  [21550/25904] 43.3 docs/s | 3448359 tokens
  [21600/25904] 43.4 docs/s | 3454169 tokens
  [21650/25904] 43.4 docs/s | 3458748 tokens
  [21700/25904] 43.4 docs/s | 3463351 tokens
  [21750/25904] 43.4 docs/s | 3468076 tokens
  [21800/25904] 43.4 docs/s | 3472839 tokens
  [21850/25904] 43.4 docs/s | 3477544 tokens
  [21900/25904] 43.4 docs/s | 3482250 tokens
  [21950/25904] 43.4 docs/s | 3487172 tokens
  [22000/25904] 43.4 docs/s | 3493433 tokens
  [22050/25904] 43.4 docs/s | 3501282 tokens
  [22100/25904] 43.4 docs/s | 3509524 tokens
  [22150/25904] 43.4 docs/s | 3516672 tokens
  [22200/25904] 43.4 docs/s | 3523532 tokens
  [22250/25904] 43.4 docs/s | 3531094 tokens
  [22300/25904] 43.4 docs/s | 3537799 tokens
  [22350/25904] 43.4 docs/s | 3545139 tokens
  [22400/25904] 43.4 docs/s | 3552645 tokens
  [22450/25904] 43.5 docs/s | 3560441 tokens
  [22500/25904] 43.5 docs/s | 3567628 tokens
  [22550/25904] 43.5 docs/s | 3574882 tokens
  [22600/25904] 43.4 docs/s | 3582445 tokens
  [22650/25904] 43.5 docs/s | 3589130 tokens
  [22700/25904] 43.5 docs/s | 3596641 tokens
  [22750/25904] 43.5 docs/s | 3604361 tokens
  [22800/25904] 43.5 docs/s | 3612840 tokens
  [22850/25904] 43.5 docs/s | 3620226 tokens
  [22900/25904] 43.5 docs/s | 3627918 tokens
  [22950/25904] 43.5 docs/s | 3636028 tokens
  [23000/25904] 43.4 docs/s | 3643419 tokens
  [23050/25904] 43.4 docs/s | 3650820 tokens
  [23100/25904] 43.5 docs/s | 3657500 tokens
  [23150/25904] 43.5 docs/s | 3665124 tokens
  [23200/25904] 43.5 docs/s | 3672903 tokens
  [23250/25904] 43.5 docs/s | 3680437 tokens
  [23300/25904] 43.5 docs/s | 3687073 tokens
  [23350/25904] 43.5 docs/s | 3693975 tokens
  [23400/25904] 43.5 docs/s | 3701174 tokens
  [23450/25904] 43.5 docs/s | 3708513 tokens
  [23500/25904] 43.5 docs/s | 3715185 tokens
  [23550/25904] 43.5 docs/s | 3721975 tokens
  [23600/25904] 43.5 docs/s | 3728836 tokens
  [23650/25904] 43.5 docs/s | 3735594 tokens
  [23700/25904] 43.5 docs/s | 3742941 tokens
  [23750/25904] 43.5 docs/s | 3750259 tokens
  [23800/25904] 43.5 docs/s | 3757040 tokens
  [23850/25904] 43.5 docs/s | 3765025 tokens
  [23900/25904] 43.5 docs/s | 3772713 tokens
  [23950/25904] 43.6 docs/s | 3780021 tokens
  [24000/25904] 43.6 docs/s | 3786417 tokens
  [24050/25904] 43.6 docs/s | 3792940 tokens
  [24100/25904] 43.6 docs/s | 3800337 tokens
  [24150/25904] 43.6 docs/s | 3807053 tokens
  [24200/25904] 43.6 docs/s | 3813185 tokens
  [24250/25904] 43.6 docs/s | 3819706 tokens
  [24300/25904] 43.5 docs/s | 3826954 tokens
  [24350/25904] 43.5 docs/s | 3834147 tokens
  [24400/25904] 43.6 docs/s | 3842124 tokens
  [24450/25904] 43.6 docs/s | 3849857 tokens
  [24500/25904] 43.6 docs/s | 3857129 tokens
  [24550/25904] 43.6 docs/s | 3865210 tokens
  [24600/25904] 43.6 docs/s | 3867826 tokens
  [24650/25904] 43.6 docs/s | 3869527 tokens
  [24700/25904] 43.6 docs/s | 3896489 tokens
  [24750/25904] 43.5 docs/s | 3925797 tokens
  [24800/25904] 43.5 docs/s | 3954492 tokens
  [24850/25904] 43.5 docs/s | 3983209 tokens
  [24900/25904] 43.5 docs/s | 4012478 tokens
  [24950/25904] 43.4 docs/s | 4041517 tokens
  [25000/25904] 43.4 docs/s | 4070168 tokens
  [25050/25904] 43.4 docs/s | 4099524 tokens
  [25100/25904] 43.4 docs/s | 4127606 tokens
  [25150/25904] 43.3 docs/s | 4156306 tokens
  [25200/25904] 43.3 docs/s | 4185857 tokens
  [25250/25904] 43.3 docs/s | 4214845 tokens
  [25300/25904] 43.2 docs/s | 4243331 tokens
  [25350/25904] 43.2 docs/s | 4276258 tokens
  [25400/25904] 43.2 docs/s | 4305328 tokens
  [25450/25904] 43.2 docs/s | 4332927 tokens
  [25500/25904] 43.2 docs/s | 4335178 tokens
  [25550/25904] 43.2 docs/s | 4337484 tokens
  [25600/25904] 43.2 docs/s | 4358338 tokens
  [25650/25904] 43.2 docs/s | 4379657 tokens
  [25700/25904] 43.2 docs/s | 4402544 tokens
  [25750/25904] 43.2 docs/s | 4427882 tokens
  [25800/25904] 43.2 docs/s | 4451622 tokens
  [25850/25904] 43.1 docs/s | 4470086 tokens
  [25900/25904] 43.1 docs/s | 4487783 tokens
  [25904/25904] 43.1 docs/s | 4489394 tokens

Termine: 25904/25904 dossiers en 600.9s
Tokens: 4489394 | Cout: $0.4489


=== STATS EMBEDDINGS ===
Total dossiers:  31614
Avec embedding:  31514 (99.7%)
Sans embedding:  100

Par province:
  CA    : 16827/16827 embedded
  QC    : 5672/5680 embedded
  BC    : 4793/4793 embedded
  RA    : 2519/2519 embedded
  ON    : 1238/1330 embedded
  CH    : 392/392 embedded
  CM    : 73/73 embedded

Par resultat:
  inconnu         : 14505/14605 embedded
  acquitte        : 10992/10992 embedded
  coupable        : 3919/3919 embedded
  reduit          : 598/598 embedded
  rejete          : 175/175 embedded
  reference       : 13/13 embedded
  negociation     : 3/3 embedded
