2026-02-14 16:18:17,556 [INFO] __main__: ============================================================
2026-02-14 16:18:17,557 [INFO] __main__: DEBUT IMPORT - Base de donnees tickets QC/ON (PostgreSQL)
2026-02-14 16:18:17,557 [INFO] __main__: ============================================================
2026-02-14 16:18:17,557 [INFO] __main__: Etape 1: Creation/mise a jour du schema...
2026-02-14 16:18:17,721 [INFO] utils.db: Schema cree/mis a jour avec succes.
2026-02-14 16:18:17,721 [INFO] __main__: Etape 4: Import Donnees Quebec (SAAQ, radars, constats)...
2026-02-14 16:18:17,868 [INFO] modules.ckan_quebec: ==================================================
2026-02-14 16:18:17,868 [INFO] modules.ckan_quebec: MODULE DONNEES QUEBEC (CKAN API)
2026-02-14 16:18:17,869 [INFO] modules.ckan_quebec: ==================================================
2026-02-14 16:18:17,869 [INFO] modules.ckan_quebec: Fetching constats d'infraction Controle routier QC...
2026-02-14 16:18:17,934 [INFO] __main__: ============================================================
2026-02-14 16:18:17,934 [INFO] __main__: DEBUT IMPORT - Base de donnees tickets QC/ON (PostgreSQL)
2026-02-14 16:18:17,934 [INFO] __main__: ============================================================
2026-02-14 16:18:17,934 [INFO] __main__: Etape 1: Creation/mise a jour du schema...
2026-02-14 16:18:17,977 [INFO] utils.db: Schema cree/mis a jour avec succes.
2026-02-14 16:18:17,977 [INFO] __main__: Etape 9: Import Ontario Open Data...
2026-02-14 16:18:18,101 [INFO] modules.ontario: ==================================================
2026-02-14 16:18:18,101 [INFO] modules.ontario: MODULE ONTARIO OPEN DATA
2026-02-14 16:18:18,101 [INFO] modules.ontario: ==================================================
2026-02-14 16:18:18,101 [INFO] modules.ontario: Fetching Ontario OPP traffic offences...
2026-02-14 16:18:18,561 [ERROR] modules.ontario:   Error fetching OPP data: 403 Client Error: Forbidden for url: https://files.ontario.ca/opendata/1314-012%20traffic%20violation%20numbers%20csv%202008-12.csv
2026-02-14 16:18:18,586 [INFO] modules.ontario: Fetching Toronto parking tickets...
2026-02-14 16:18:18,663 [INFO] modules.ckan_quebec:   Processing resource: Constats d'infraction émis par Contrôle routier Québec, 2022 (f729aed7-cdfd-49be-a234-db1e22e29740)
2026-02-14 16:18:19,253 [INFO] modules.ontario:   No CSV resources found for Toronto parking.
2026-02-14 16:18:19,270 [INFO] modules.ontario: Ontario total: 0 records
2026-02-14 16:18:19,270 [INFO] __main__: Etape 11: Import Ontario Set Fines (Court schedules)...
2026-02-14 16:18:19,397 [INFO] modules.on_set_fines_import: ==================================================
2026-02-14 16:18:19,397 [INFO] modules.on_set_fines_import: MODULE ONTARIO SET FINES (Court schedules)
2026-02-14 16:18:19,397 [INFO] modules.on_set_fines_import: ==================================================
2026-02-14 16:18:19,397 [INFO] modules.on_set_fines_import: Fetching Ontario Set Fines...
2026-02-14 16:18:19,397 [INFO] modules.on_set_fines_import:   Scraping Highway Traffic Act from https://www.ontariocourts.ca/ocj/provincial-offences/set-fines/set-fines-i/schedule-43/...
2026-02-14 16:18:19,944 [INFO] modules.on_set_fines_import:     Parsed 831 fines from Highway Traffic Act
2026-02-14 16:18:20,131 [INFO] utils.fetcher:   Fetched 28294 records so far...
2026-02-14 16:18:20,205 [INFO] utils.db:   on_set_fines: 831/831 rows inserted.
2026-02-14 16:18:20,221 [INFO] modules.on_set_fines_import:   Scraping Compulsory Automobile Insurance Act from https://www.ontariocourts.ca/ocj/provincial-offences/set-fines/set-fines-i/schedule-61/...
2026-02-14 16:18:20,439 [INFO] modules.on_set_fines_import:     Parsed 44 fines from Compulsory Automobile Insurance Act
2026-02-14 16:18:20,472 [INFO] utils.db:   on_set_fines: 44/44 rows inserted.
2026-02-14 16:18:20,491 [INFO] modules.on_set_fines_import: Ontario Set Fines total: 875 records
2026-02-14 16:18:20,491 [INFO] __main__: ============================================================
2026-02-14 16:18:20,492 [INFO] __main__: IMPORT TERMINE
2026-02-14 16:18:20,492 [INFO] __main__: ============================================================
2026-02-14 16:18:30,611 [INFO] utils.db:   qc_constats_infraction: 28294/28294 rows inserted.
2026-02-14 16:18:30,612 [INFO] modules.ckan_quebec:   Processing resource: Constats d'infraction émis par Contrôle routier Québec, 2021 (3f917506-e6bd-44e4-ba45-7b33a7991c7d)
2026-02-14 16:18:32,064 [INFO] utils.fetcher:   Fetched 32000 records so far...
2026-02-14 16:18:33,017 [INFO] utils.fetcher:   Fetched 34069 records so far...
2026-02-14 16:18:45,659 [INFO] utils.db:   qc_constats_infraction: 34069/34069 rows inserted.
2026-02-14 16:18:45,659 [INFO] modules.ckan_quebec:   Processing resource: Constats d'infraction émis par Contrôle routier Québec, 2020 (2007fea7-9fad-4823-851b-2e5124a3687f)
2026-02-14 16:18:46,935 [INFO] utils.fetcher:   Fetched 27211 records so far...
2026-02-14 16:18:57,777 [INFO] utils.db:   qc_constats_infraction: 27211/27211 rows inserted.
2026-02-14 16:18:57,777 [INFO] modules.ckan_quebec:   Processing resource: Constats d'infraction émis par Contrôle routier Québec, 2019 (73ba424e-9525-4172-8dd9-7f9a3ddc2a2a)
2026-02-14 16:18:59,101 [INFO] utils.fetcher:   Fetched 29965 records so far...
2026-02-14 16:19:10,162 [INFO] utils.db:   qc_constats_infraction: 29965/29965 rows inserted.
2026-02-14 16:19:10,163 [INFO] modules.ckan_quebec:   Processing resource: Constats d'infraction émis par Contrôle routier Québec, 2018 (1fb6afc2-9100-4205-a39f-982fdbfa46b8)
2026-02-14 16:19:11,638 [INFO] utils.fetcher:   Fetched 32000 records so far...
2026-02-14 16:19:12,340 [INFO] utils.fetcher:   Fetched 34849 records so far...
2026-02-14 16:19:25,195 [INFO] utils.db:   qc_constats_infraction: 34849/34849 rows inserted.
2026-02-14 16:19:25,195 [INFO] modules.ckan_quebec:   Processing resource: Constats d'infraction émis par Contrôle routier Québec, 2017 (a6ffcd66-d6cb-438a-9172-615863b9c3f4)
2026-02-14 16:19:26,673 [INFO] utils.fetcher:   Fetched 32000 records so far...
2026-02-14 16:19:27,537 [INFO] utils.fetcher:   Fetched 34869 records so far...
2026-02-14 16:19:40,263 [INFO] utils.db:   qc_constats_infraction: 34869/34869 rows inserted.
2026-02-14 16:19:40,263 [INFO] modules.ckan_quebec:   Processing resource: Constats d'infraction émis par Contrôle routier Québec, 2016 (2598f77a-6a47-4583-827d-64f5e36657c3)
2026-02-14 16:19:41,649 [INFO] utils.fetcher:   Fetched 32000 records so far...
2026-02-14 16:19:42,367 [INFO] utils.fetcher:   Fetched 35399 records so far...
2026-02-14 16:19:55,353 [INFO] utils.db:   qc_constats_infraction: 35399/35399 rows inserted.
2026-02-14 16:19:55,354 [INFO] modules.ckan_quebec:   Processing resource: Constats d'infraction émis par Contrôle routier Québec, 2015 (691dccba-1d43-434d-bdde-d8503daa383f)
2026-02-14 16:19:56,763 [INFO] utils.fetcher:   Fetched 32000 records so far...
2026-02-14 16:19:57,448 [INFO] utils.fetcher:   Fetched 33405 records so far...
2026-02-14 16:20:09,482 [INFO] utils.db:   qc_constats_infraction: 33405/33405 rows inserted.
2026-02-14 16:20:09,482 [INFO] modules.ckan_quebec:   Processing resource: Constats d'infraction émis par Contrôle routier Québec, 2014 (9b442ef2-35ad-47bd-bc2d-168d4babdf47)
2026-02-14 16:20:10,996 [INFO] utils.fetcher:   Fetched 31728 records so far...
2026-02-14 16:20:22,328 [INFO] utils.db:   qc_constats_infraction: 31728/31728 rows inserted.
2026-02-14 16:20:22,328 [INFO] modules.ckan_quebec:   Processing resource: Constats d'infraction émis par Contrôle routier Québec, 2013 (ef029a35-ba32-47c1-917f-f253ab22cbf6)
2026-02-14 16:20:23,766 [INFO] utils.fetcher:   Fetched 31733 records so far...
2026-02-14 16:20:35,007 [INFO] utils.db:   qc_constats_infraction: 31733/31733 rows inserted.
2026-02-14 16:20:35,007 [INFO] modules.ckan_quebec:   Processing resource: Constats d'infraction émis par Contrôle routier Québec, 2012 (5785cb7d-38f2-4adb-a703-b072c0614b5e)
2026-02-14 16:20:36,447 [INFO] utils.fetcher:   Fetched 32000 records so far...
2026-02-14 16:20:37,219 [INFO] utils.fetcher:   Fetched 35193 records so far...
2026-02-14 16:20:49,779 [INFO] utils.db:   qc_constats_infraction: 35193/35193 rows inserted.
2026-02-14 16:20:49,822 [INFO] modules.ckan_quebec: Fetching statistiques radar-photo...
2026-02-14 16:20:51,302 [INFO] utils.fetcher:   Fetched 384 records so far...
2026-02-14 16:20:51,429 [INFO] utils.db:   qc_radar_photo_stats: 384/384 rows inserted.
2026-02-14 16:20:52,139 [INFO] utils.fetcher:   Fetched 381 records so far...
2026-02-14 16:20:52,247 [INFO] utils.db:   qc_radar_photo_stats: 381/381 rows inserted.
2026-02-14 16:20:52,896 [INFO] utils.fetcher:   Fetched 380 records so far...
2026-02-14 16:20:53,000 [INFO] utils.db:   qc_radar_photo_stats: 380/380 rows inserted.
2026-02-14 16:20:53,630 [INFO] utils.fetcher:   Fetched 379 records so far...
2026-02-14 16:20:53,762 [INFO] utils.db:   qc_radar_photo_stats: 379/379 rows inserted.
2026-02-14 16:20:54,397 [INFO] utils.fetcher:   Fetched 376 records so far...
2026-02-14 16:20:54,506 [INFO] utils.db:   qc_radar_photo_stats: 376/376 rows inserted.
2026-02-14 16:20:55,138 [INFO] utils.fetcher:   Fetched 374 records so far...
2026-02-14 16:20:55,244 [INFO] utils.db:   qc_radar_photo_stats: 374/374 rows inserted.
2026-02-14 16:20:55,877 [INFO] utils.fetcher:   Fetched 372 records so far...
2026-02-14 16:20:55,977 [INFO] utils.db:   qc_radar_photo_stats: 372/372 rows inserted.
2026-02-14 16:20:56,604 [INFO] utils.fetcher:   Fetched 367 records so far...
2026-02-14 16:20:56,707 [INFO] utils.db:   qc_radar_photo_stats: 367/367 rows inserted.
2026-02-14 16:20:57,331 [INFO] utils.fetcher:   Fetched 364 records so far...
2026-02-14 16:20:57,426 [INFO] utils.db:   qc_radar_photo_stats: 364/364 rows inserted.
2026-02-14 16:20:58,060 [INFO] utils.fetcher:   Fetched 361 records so far...
2026-02-14 16:20:58,156 [INFO] utils.db:   qc_radar_photo_stats: 361/361 rows inserted.
2026-02-14 16:20:58,955 [INFO] utils.fetcher:   Fetched 361 records so far...
2026-02-14 16:20:59,056 [INFO] utils.db:   qc_radar_photo_stats: 361/361 rows inserted.
2026-02-14 16:20:59,686 [INFO] utils.fetcher:   Fetched 360 records so far...
2026-02-14 16:20:59,786 [INFO] utils.db:   qc_radar_photo_stats: 360/360 rows inserted.
2026-02-14 16:21:00,410 [INFO] utils.fetcher:   Fetched 360 records so far...
2026-02-14 16:21:00,528 [INFO] utils.db:   qc_radar_photo_stats: 360/360 rows inserted.
2026-02-14 16:21:01,165 [INFO] utils.fetcher:   Fetched 358 records so far...
2026-02-14 16:21:01,271 [INFO] utils.db:   qc_radar_photo_stats: 358/358 rows inserted.
2026-02-14 16:21:02,012 [INFO] utils.fetcher:   Fetched 357 records so far...
2026-02-14 16:21:02,110 [INFO] utils.db:   qc_radar_photo_stats: 357/357 rows inserted.
2026-02-14 16:21:02,843 [INFO] utils.fetcher:   Fetched 356 records so far...
2026-02-14 16:21:02,949 [INFO] utils.db:   qc_radar_photo_stats: 356/356 rows inserted.
2026-02-14 16:21:03,588 [INFO] utils.fetcher:   Fetched 353 records so far...
2026-02-14 16:21:03,694 [INFO] utils.db:   qc_radar_photo_stats: 353/353 rows inserted.
2026-02-14 16:21:04,324 [INFO] utils.fetcher:   Fetched 351 records so far...
2026-02-14 16:21:04,430 [INFO] utils.db:   qc_radar_photo_stats: 351/351 rows inserted.
2026-02-14 16:21:05,071 [INFO] utils.fetcher:   Fetched 349 records so far...
2026-02-14 16:21:05,168 [INFO] utils.db:   qc_radar_photo_stats: 349/349 rows inserted.
2026-02-14 16:21:05,820 [INFO] utils.fetcher:   Fetched 347 records so far...
2026-02-14 16:21:05,916 [INFO] utils.db:   qc_radar_photo_stats: 347/347 rows inserted.
2026-02-14 16:21:06,546 [INFO] utils.fetcher:   Fetched 345 records so far...
2026-02-14 16:21:06,644 [INFO] utils.db:   qc_radar_photo_stats: 345/345 rows inserted.
2026-02-14 16:21:07,283 [INFO] utils.fetcher:   Fetched 345 records so far...
2026-02-14 16:21:07,381 [INFO] utils.db:   qc_radar_photo_stats: 345/345 rows inserted.
2026-02-14 16:21:08,014 [INFO] utils.fetcher:   Fetched 345 records so far...
2026-02-14 16:21:08,105 [INFO] utils.db:   qc_radar_photo_stats: 345/345 rows inserted.
2026-02-14 16:21:08,729 [INFO] utils.fetcher:   Fetched 344 records so far...
2026-02-14 16:21:08,822 [INFO] utils.db:   qc_radar_photo_stats: 344/344 rows inserted.
2026-02-14 16:21:09,448 [INFO] utils.fetcher:   Fetched 342 records so far...
2026-02-14 16:21:09,539 [INFO] utils.db:   qc_radar_photo_stats: 342/342 rows inserted.
2026-02-14 16:21:10,166 [INFO] utils.fetcher:   Fetched 335 records so far...
2026-02-14 16:21:10,263 [INFO] utils.db:   qc_radar_photo_stats: 335/335 rows inserted.
2026-02-14 16:21:10,901 [INFO] utils.fetcher:   Fetched 333 records so far...
2026-02-14 16:21:11,000 [INFO] utils.db:   qc_radar_photo_stats: 333/333 rows inserted.
2026-02-14 16:21:11,627 [INFO] utils.fetcher:   Fetched 328 records so far...
2026-02-14 16:21:11,716 [INFO] utils.db:   qc_radar_photo_stats: 328/328 rows inserted.
2026-02-14 16:21:12,338 [INFO] utils.fetcher:   Fetched 324 records so far...
2026-02-14 16:21:12,429 [INFO] utils.db:   qc_radar_photo_stats: 324/324 rows inserted.
2026-02-14 16:21:13,056 [INFO] utils.fetcher:   Fetched 324 records so far...
2026-02-14 16:21:13,145 [INFO] utils.db:   qc_radar_photo_stats: 324/324 rows inserted.
2026-02-14 16:21:13,777 [INFO] utils.fetcher:   Fetched 323 records so far...
2026-02-14 16:21:13,873 [INFO] utils.db:   qc_radar_photo_stats: 323/323 rows inserted.
2026-02-14 16:21:14,502 [INFO] utils.fetcher:   Fetched 321 records so far...
2026-02-14 16:21:14,591 [INFO] utils.db:   qc_radar_photo_stats: 321/321 rows inserted.
2026-02-14 16:21:15,231 [INFO] utils.fetcher:   Fetched 320 records so far...
2026-02-14 16:21:15,318 [INFO] utils.db:   qc_radar_photo_stats: 320/320 rows inserted.
2026-02-14 16:21:15,949 [INFO] utils.fetcher:   Fetched 320 records so far...
2026-02-14 16:21:16,061 [INFO] utils.db:   qc_radar_photo_stats: 320/320 rows inserted.
2026-02-14 16:21:16,688 [INFO] utils.fetcher:   Fetched 319 records so far...
2026-02-14 16:21:16,783 [INFO] utils.db:   qc_radar_photo_stats: 319/319 rows inserted.
2026-02-14 16:21:17,410 [INFO] utils.fetcher:   Fetched 319 records so far...
2026-02-14 16:21:17,498 [INFO] utils.db:   qc_radar_photo_stats: 319/319 rows inserted.
2026-02-14 16:21:18,126 [INFO] utils.fetcher:   Fetched 317 records so far...
2026-02-14 16:21:18,213 [INFO] utils.db:   qc_radar_photo_stats: 317/317 rows inserted.
2026-02-14 16:21:18,850 [INFO] utils.fetcher:   Fetched 317 records so far...
2026-02-14 16:21:18,941 [INFO] utils.db:   qc_radar_photo_stats: 317/317 rows inserted.
2026-02-14 16:21:19,585 [INFO] utils.fetcher:   Fetched 316 records so far...
2026-02-14 16:21:19,718 [INFO] utils.db:   qc_radar_photo_stats: 316/316 rows inserted.
2026-02-14 16:21:20,342 [INFO] utils.fetcher:   Fetched 316 records so far...
2026-02-14 16:21:20,433 [INFO] utils.db:   qc_radar_photo_stats: 316/316 rows inserted.
2026-02-14 16:21:21,061 [INFO] utils.fetcher:   Fetched 316 records so far...
2026-02-14 16:21:21,151 [INFO] utils.db:   qc_radar_photo_stats: 316/316 rows inserted.
2026-02-14 16:21:21,775 [INFO] utils.fetcher:   Fetched 314 records so far...
2026-02-14 16:21:21,860 [INFO] utils.db:   qc_radar_photo_stats: 314/314 rows inserted.
2026-02-14 16:21:22,484 [INFO] utils.fetcher:   Fetched 311 records so far...
2026-02-14 16:21:22,570 [INFO] utils.db:   qc_radar_photo_stats: 311/311 rows inserted.
2026-02-14 16:21:23,193 [INFO] utils.fetcher:   Fetched 305 records so far...
2026-02-14 16:21:23,279 [INFO] utils.db:   qc_radar_photo_stats: 305/305 rows inserted.
2026-02-14 16:21:23,905 [INFO] utils.fetcher:   Fetched 303 records so far...
2026-02-14 16:21:23,990 [INFO] utils.db:   qc_radar_photo_stats: 303/303 rows inserted.
2026-02-14 16:21:24,617 [INFO] utils.fetcher:   Fetched 300 records so far...
2026-02-14 16:21:24,707 [INFO] utils.db:   qc_radar_photo_stats: 300/300 rows inserted.
2026-02-14 16:21:25,329 [INFO] utils.fetcher:   Fetched 299 records so far...
2026-02-14 16:21:25,411 [INFO] utils.db:   qc_radar_photo_stats: 299/299 rows inserted.
2026-02-14 16:21:26,039 [INFO] utils.fetcher:   Fetched 299 records so far...
2026-02-14 16:21:26,134 [INFO] utils.db:   qc_radar_photo_stats: 299/299 rows inserted.
2026-02-14 16:21:26,771 [INFO] utils.fetcher:   Fetched 299 records so far...
2026-02-14 16:21:26,856 [INFO] utils.db:   qc_radar_photo_stats: 299/299 rows inserted.
2026-02-14 16:21:27,481 [INFO] utils.fetcher:   Fetched 299 records so far...
2026-02-14 16:21:27,563 [INFO] utils.db:   qc_radar_photo_stats: 299/299 rows inserted.
2026-02-14 16:21:28,186 [INFO] utils.fetcher:   Fetched 299 records so far...
2026-02-14 16:21:28,272 [INFO] utils.db:   qc_radar_photo_stats: 299/299 rows inserted.
2026-02-14 16:21:28,902 [INFO] utils.fetcher:   Fetched 297 records so far...
2026-02-14 16:21:28,987 [INFO] utils.db:   qc_radar_photo_stats: 297/297 rows inserted.
2026-02-14 16:21:29,619 [INFO] utils.fetcher:   Fetched 295 records so far...
2026-02-14 16:21:29,702 [INFO] utils.db:   qc_radar_photo_stats: 295/295 rows inserted.
2026-02-14 16:21:30,325 [INFO] utils.fetcher:   Fetched 294 records so far...
2026-02-14 16:21:30,416 [INFO] utils.db:   qc_radar_photo_stats: 294/294 rows inserted.
2026-02-14 16:21:31,040 [INFO] utils.fetcher:   Fetched 293 records so far...
2026-02-14 16:21:31,162 [INFO] utils.db:   qc_radar_photo_stats: 293/293 rows inserted.
2026-02-14 16:21:31,798 [INFO] utils.fetcher:   Fetched 292 records so far...
2026-02-14 16:21:31,878 [INFO] utils.db:   qc_radar_photo_stats: 292/292 rows inserted.
2026-02-14 16:21:32,512 [INFO] utils.fetcher:   Fetched 291 records so far...
2026-02-14 16:21:32,618 [INFO] utils.db:   qc_radar_photo_stats: 291/291 rows inserted.
2026-02-14 16:21:33,243 [INFO] utils.fetcher:   Fetched 291 records so far...
2026-02-14 16:21:33,328 [INFO] utils.db:   qc_radar_photo_stats: 291/291 rows inserted.
2026-02-14 16:21:33,952 [INFO] utils.fetcher:   Fetched 291 records so far...
2026-02-14 16:21:34,049 [INFO] utils.db:   qc_radar_photo_stats: 291/291 rows inserted.
2026-02-14 16:21:34,671 [INFO] utils.fetcher:   Fetched 290 records so far...
2026-02-14 16:21:34,751 [INFO] utils.db:   qc_radar_photo_stats: 290/290 rows inserted.
2026-02-14 16:21:35,376 [INFO] utils.fetcher:   Fetched 287 records so far...
2026-02-14 16:21:35,489 [INFO] utils.db:   qc_radar_photo_stats: 287/287 rows inserted.
2026-02-14 16:21:36,188 [INFO] utils.fetcher:   Fetched 287 records so far...
2026-02-14 16:21:36,286 [INFO] utils.db:   qc_radar_photo_stats: 287/287 rows inserted.
2026-02-14 16:21:36,922 [INFO] utils.fetcher:   Fetched 285 records so far...
2026-02-14 16:21:37,013 [INFO] utils.db:   qc_radar_photo_stats: 285/285 rows inserted.
2026-02-14 16:21:37,636 [INFO] utils.fetcher:   Fetched 282 records so far...
2026-02-14 16:21:37,718 [INFO] utils.db:   qc_radar_photo_stats: 282/282 rows inserted.
2026-02-14 16:21:38,347 [INFO] utils.fetcher:   Fetched 281 records so far...
2026-02-14 16:21:38,439 [INFO] utils.db:   qc_radar_photo_stats: 281/281 rows inserted.
2026-02-14 16:21:39,085 [INFO] utils.fetcher:   Fetched 281 records so far...
2026-02-14 16:21:39,176 [INFO] utils.db:   qc_radar_photo_stats: 281/281 rows inserted.
2026-02-14 16:21:39,806 [INFO] utils.fetcher:   Fetched 280 records so far...
2026-02-14 16:21:39,897 [INFO] utils.db:   qc_radar_photo_stats: 280/280 rows inserted.
2026-02-14 16:21:40,528 [INFO] utils.fetcher:   Fetched 279 records so far...
2026-02-14 16:21:40,608 [INFO] utils.db:   qc_radar_photo_stats: 279/279 rows inserted.
2026-02-14 16:21:41,236 [INFO] utils.fetcher:   Fetched 279 records so far...
2026-02-14 16:21:41,314 [INFO] utils.db:   qc_radar_photo_stats: 279/279 rows inserted.
2026-02-14 16:21:41,939 [INFO] utils.fetcher:   Fetched 279 records so far...
2026-02-14 16:21:42,026 [INFO] utils.db:   qc_radar_photo_stats: 279/279 rows inserted.
2026-02-14 16:21:42,650 [INFO] utils.fetcher:   Fetched 279 records so far...
2026-02-14 16:21:42,745 [INFO] utils.db:   qc_radar_photo_stats: 279/279 rows inserted.
2026-02-14 16:21:43,383 [INFO] utils.fetcher:   Fetched 277 records so far...
2026-02-14 16:21:43,470 [INFO] utils.db:   qc_radar_photo_stats: 277/277 rows inserted.
2026-02-14 16:21:44,098 [INFO] utils.fetcher:   Fetched 277 records so far...
2026-02-14 16:21:44,178 [INFO] utils.db:   qc_radar_photo_stats: 277/277 rows inserted.
2026-02-14 16:21:44,802 [INFO] utils.fetcher:   Fetched 276 records so far...
2026-02-14 16:21:44,882 [INFO] utils.db:   qc_radar_photo_stats: 276/276 rows inserted.
2026-02-14 16:21:45,507 [INFO] utils.fetcher:   Fetched 276 records so far...
2026-02-14 16:21:45,586 [INFO] utils.db:   qc_radar_photo_stats: 276/276 rows inserted.
2026-02-14 16:21:46,224 [INFO] utils.fetcher:   Fetched 275 records so far...
2026-02-14 16:21:46,301 [INFO] utils.db:   qc_radar_photo_stats: 275/275 rows inserted.
2026-02-14 16:21:46,924 [INFO] utils.fetcher:   Fetched 274 records so far...
2026-02-14 16:21:47,006 [INFO] utils.db:   qc_radar_photo_stats: 274/274 rows inserted.
2026-02-14 16:21:47,628 [INFO] utils.fetcher:   Fetched 271 records so far...
2026-02-14 16:21:47,708 [INFO] utils.db:   qc_radar_photo_stats: 271/271 rows inserted.
2026-02-14 16:21:48,332 [INFO] utils.fetcher:   Fetched 270 records so far...
2026-02-14 16:21:48,418 [INFO] utils.db:   qc_radar_photo_stats: 270/270 rows inserted.
2026-02-14 16:21:49,041 [INFO] utils.fetcher:   Fetched 267 records so far...
2026-02-14 16:21:49,120 [INFO] utils.db:   qc_radar_photo_stats: 267/267 rows inserted.
2026-02-14 16:21:49,747 [INFO] utils.fetcher:   Fetched 266 records so far...
2026-02-14 16:21:49,823 [INFO] utils.db:   qc_radar_photo_stats: 266/266 rows inserted.
2026-02-14 16:21:50,450 [INFO] utils.fetcher:   Fetched 264 records so far...
2026-02-14 16:21:50,528 [INFO] utils.db:   qc_radar_photo_stats: 264/264 rows inserted.
2026-02-14 16:21:51,382 [INFO] utils.fetcher:   Fetched 263 records so far...
2026-02-14 16:21:51,480 [INFO] utils.db:   qc_radar_photo_stats: 263/263 rows inserted.
2026-02-14 16:21:52,154 [INFO] utils.fetcher:   Fetched 262 records so far...
2026-02-14 16:21:52,247 [INFO] utils.db:   qc_radar_photo_stats: 262/262 rows inserted.
2026-02-14 16:21:52,870 [INFO] utils.fetcher:   Fetched 261 records so far...
2026-02-14 16:21:52,948 [INFO] utils.db:   qc_radar_photo_stats: 261/261 rows inserted.
2026-02-14 16:21:53,572 [INFO] utils.fetcher:   Fetched 260 records so far...
2026-02-14 16:21:53,655 [INFO] utils.db:   qc_radar_photo_stats: 260/260 rows inserted.
2026-02-14 16:21:53,679 [INFO] modules.ckan_quebec: Fetching localisation radars photo...
2026-02-14 16:21:54,941 [INFO] utils.fetcher:   Fetched 160 records so far...
2026-02-14 16:21:55,020 [INFO] utils.db:   qc_radar_photo_lieux: 160/160 rows inserted.
2026-02-14 16:21:55,606 [WARNING] utils.fetcher: Attempt 1/3 failed for https://www.donneesquebec.ca/recherche/api/3/action/datastore_search: 404 Client Error: NOT FOUND for url: https://www.donneesquebec.ca/recherche/api/3/action/datastore_search?resource_id=03c4a150-1794-49db-b8aa-3915404c072c&limit=32000&offset=0
2026-02-14 16:21:56,697 [WARNING] utils.fetcher: Attempt 2/3 failed for https://www.donneesquebec.ca/recherche/api/3/action/datastore_search: 404 Client Error: NOT FOUND for url: https://www.donneesquebec.ca/recherche/api/3/action/datastore_search?resource_id=03c4a150-1794-49db-b8aa-3915404c072c&limit=32000&offset=0
2026-02-14 16:21:58,289 [WARNING] utils.fetcher: Attempt 3/3 failed for https://www.donneesquebec.ca/recherche/api/3/action/datastore_search: 404 Client Error: NOT FOUND for url: https://www.donneesquebec.ca/recherche/api/3/action/datastore_search?resource_id=03c4a150-1794-49db-b8aa-3915404c072c&limit=32000&offset=0
2026-02-14 16:21:58,290 [ERROR] modules.ckan_quebec:   Error radar lieux: 404 Client Error: NOT FOUND for url: https://www.donneesquebec.ca/recherche/api/3/action/datastore_search?resource_id=03c4a150-1794-49db-b8aa-3915404c072c&limit=32000&offset=0
2026-02-14 16:21:58,309 [INFO] modules.ckan_quebec: Fetching vehicules en circulation...
2026-02-14 16:21:59,541 [WARNING] utils.fetcher: Attempt 1/3 failed for https://www.donneesquebec.ca/recherche/api/3/action/datastore_search: 404 Client Error: NOT FOUND for url: https://www.donneesquebec.ca/recherche/api/3/action/datastore_search?resource_id=36e97894-fd4a-46fd-ab89-9e46329d60a9&limit=32000&offset=0
2026-02-14 16:22:00,635 [WARNING] utils.fetcher: Attempt 2/3 failed for https://www.donneesquebec.ca/recherche/api/3/action/datastore_search: 404 Client Error: NOT FOUND for url: https://www.donneesquebec.ca/recherche/api/3/action/datastore_search?resource_id=36e97894-fd4a-46fd-ab89-9e46329d60a9&limit=32000&offset=0
2026-02-14 16:22:02,228 [WARNING] utils.fetcher: Attempt 3/3 failed for https://www.donneesquebec.ca/recherche/api/3/action/datastore_search: 404 Client Error: NOT FOUND for url: https://www.donneesquebec.ca/recherche/api/3/action/datastore_search?resource_id=36e97894-fd4a-46fd-ab89-9e46329d60a9&limit=32000&offset=0
2026-02-14 16:22:02,228 [ERROR] modules.ckan_quebec:   Error vehicules: 404 Client Error: NOT FOUND for url: https://www.donneesquebec.ca/recherche/api/3/action/datastore_search?resource_id=36e97894-fd4a-46fd-ab89-9e46329d60a9&limit=32000&offset=0
2026-02-14 16:22:02,841 [WARNING] utils.fetcher: Attempt 1/3 failed for https://www.donneesquebec.ca/recherche/api/3/action/datastore_search: 404 Client Error: NOT FOUND for url: https://www.donneesquebec.ca/recherche/api/3/action/datastore_search?resource_id=f8f2865a-b33c-4e8f-828c-9b28188691a2&limit=32000&offset=0
2026-02-14 16:22:03,934 [WARNING] utils.fetcher: Attempt 2/3 failed for https://www.donneesquebec.ca/recherche/api/3/action/datastore_search: 404 Client Error: NOT FOUND for url: https://www.donneesquebec.ca/recherche/api/3/action/datastore_search?resource_id=f8f2865a-b33c-4e8f-828c-9b28188691a2&limit=32000&offset=0
2026-02-14 16:22:05,525 [WARNING] utils.fetcher: Attempt 3/3 failed for https://www.donneesquebec.ca/recherche/api/3/action/datastore_search: 404 Client Error: NOT FOUND for url: https://www.donneesquebec.ca/recherche/api/3/action/datastore_search?resource_id=f8f2865a-b33c-4e8f-828c-9b28188691a2&limit=32000&offset=0
2026-02-14 16:22:05,526 [ERROR] modules.ckan_quebec:   Error vehicules: 404 Client Error: NOT FOUND for url: https://www.donneesquebec.ca/recherche/api/3/action/datastore_search?resource_id=f8f2865a-b33c-4e8f-828c-9b28188691a2&limit=32000&offset=0
2026-02-14 16:22:06,134 [WARNING] utils.fetcher: Attempt 1/3 failed for https://www.donneesquebec.ca/recherche/api/3/action/datastore_search: 404 Client Error: NOT FOUND for url: https://www.donneesquebec.ca/recherche/api/3/action/datastore_search?resource_id=fa42369b-8948-4a73-b5ff-d0c0daf0b2ef&limit=32000&offset=0
2026-02-14 16:22:07,225 [WARNING] utils.fetcher: Attempt 2/3 failed for https://www.donneesquebec.ca/recherche/api/3/action/datastore_search: 404 Client Error: NOT FOUND for url: https://www.donneesquebec.ca/recherche/api/3/action/datastore_search?resource_id=fa42369b-8948-4a73-b5ff-d0c0daf0b2ef&limit=32000&offset=0
2026-02-14 16:22:08,813 [WARNING] utils.fetcher: Attempt 3/3 failed for https://www.donneesquebec.ca/recherche/api/3/action/datastore_search: 404 Client Error: NOT FOUND for url: https://www.donneesquebec.ca/recherche/api/3/action/datastore_search?resource_id=fa42369b-8948-4a73-b5ff-d0c0daf0b2ef&limit=32000&offset=0
2026-02-14 16:22:08,814 [ERROR] modules.ckan_quebec:   Error vehicules: 404 Client Error: NOT FOUND for url: https://www.donneesquebec.ca/recherche/api/3/action/datastore_search?resource_id=fa42369b-8948-4a73-b5ff-d0c0daf0b2ef&limit=32000&offset=0
2026-02-14 16:22:09,403 [WARNING] utils.fetcher: Attempt 1/3 failed for https://www.donneesquebec.ca/recherche/api/3/action/datastore_search: 404 Client Error: NOT FOUND for url: https://www.donneesquebec.ca/recherche/api/3/action/datastore_search?resource_id=d8c4a516-0386-4981-b686-427defa987ca&limit=32000&offset=0
2026-02-14 16:22:10,492 [WARNING] utils.fetcher: Attempt 2/3 failed for https://www.donneesquebec.ca/recherche/api/3/action/datastore_search: 404 Client Error: NOT FOUND for url: https://www.donneesquebec.ca/recherche/api/3/action/datastore_search?resource_id=d8c4a516-0386-4981-b686-427defa987ca&limit=32000&offset=0
2026-02-14 16:22:12,087 [WARNING] utils.fetcher: Attempt 3/3 failed for https://www.donneesquebec.ca/recherche/api/3/action/datastore_search: 404 Client Error: NOT FOUND for url: https://www.donneesquebec.ca/recherche/api/3/action/datastore_search?resource_id=d8c4a516-0386-4981-b686-427defa987ca&limit=32000&offset=0
2026-02-14 16:22:12,088 [ERROR] modules.ckan_quebec:   Error vehicules: 404 Client Error: NOT FOUND for url: https://www.donneesquebec.ca/recherche/api/3/action/datastore_search?resource_id=d8c4a516-0386-4981-b686-427defa987ca&limit=32000&offset=0
2026-02-14 16:22:12,676 [WARNING] utils.fetcher: Attempt 1/3 failed for https://www.donneesquebec.ca/recherche/api/3/action/datastore_search: 404 Client Error: NOT FOUND for url: https://www.donneesquebec.ca/recherche/api/3/action/datastore_search?resource_id=4bb416f3-8aea-4f8e-8e07-562f73629003&limit=32000&offset=0
2026-02-14 16:22:13,767 [WARNING] utils.fetcher: Attempt 2/3 failed for https://www.donneesquebec.ca/recherche/api/3/action/datastore_search: 404 Client Error: NOT FOUND for url: https://www.donneesquebec.ca/recherche/api/3/action/datastore_search?resource_id=4bb416f3-8aea-4f8e-8e07-562f73629003&limit=32000&offset=0
2026-02-14 16:22:15,354 [WARNING] utils.fetcher: Attempt 3/3 failed for https://www.donneesquebec.ca/recherche/api/3/action/datastore_search: 404 Client Error: NOT FOUND for url: https://www.donneesquebec.ca/recherche/api/3/action/datastore_search?resource_id=4bb416f3-8aea-4f8e-8e07-562f73629003&limit=32000&offset=0
2026-02-14 16:22:15,355 [ERROR] modules.ckan_quebec:   Error vehicules: 404 Client Error: NOT FOUND for url: https://www.donneesquebec.ca/recherche/api/3/action/datastore_search?resource_id=4bb416f3-8aea-4f8e-8e07-562f73629003&limit=32000&offset=0
2026-02-14 16:22:15,942 [WARNING] utils.fetcher: Attempt 1/3 failed for https://www.donneesquebec.ca/recherche/api/3/action/datastore_search: 404 Client Error: NOT FOUND for url: https://www.donneesquebec.ca/recherche/api/3/action/datastore_search?resource_id=e2a6249f-849b-41ca-b224-6648f364ebb8&limit=32000&offset=0
2026-02-14 16:22:17,030 [WARNING] utils.fetcher: Attempt 2/3 failed for https://www.donneesquebec.ca/recherche/api/3/action/datastore_search: 404 Client Error: NOT FOUND for url: https://www.donneesquebec.ca/recherche/api/3/action/datastore_search?resource_id=e2a6249f-849b-41ca-b224-6648f364ebb8&limit=32000&offset=0
2026-02-14 16:22:18,620 [WARNING] utils.fetcher: Attempt 3/3 failed for https://www.donneesquebec.ca/recherche/api/3/action/datastore_search: 404 Client Error: NOT FOUND for url: https://www.donneesquebec.ca/recherche/api/3/action/datastore_search?resource_id=e2a6249f-849b-41ca-b224-6648f364ebb8&limit=32000&offset=0
2026-02-14 16:22:18,621 [ERROR] modules.ckan_quebec:   Error vehicules: 404 Client Error: NOT FOUND for url: https://www.donneesquebec.ca/recherche/api/3/action/datastore_search?resource_id=e2a6249f-849b-41ca-b224-6648f364ebb8&limit=32000&offset=0
2026-02-14 16:22:19,210 [WARNING] utils.fetcher: Attempt 1/3 failed for https://www.donneesquebec.ca/recherche/api/3/action/datastore_search: 404 Client Error: NOT FOUND for url: https://www.donneesquebec.ca/recherche/api/3/action/datastore_search?resource_id=b655ce39-87e7-47d9-8799-3d4cd7205bff&limit=32000&offset=0
2026-02-14 16:22:20,344 [WARNING] utils.fetcher: Attempt 2/3 failed for https://www.donneesquebec.ca/recherche/api/3/action/datastore_search: 404 Client Error: NOT FOUND for url: https://www.donneesquebec.ca/recherche/api/3/action/datastore_search?resource_id=b655ce39-87e7-47d9-8799-3d4cd7205bff&limit=32000&offset=0
2026-02-14 16:22:21,938 [WARNING] utils.fetcher: Attempt 3/3 failed for https://www.donneesquebec.ca/recherche/api/3/action/datastore_search: 404 Client Error: NOT FOUND for url: https://www.donneesquebec.ca/recherche/api/3/action/datastore_search?resource_id=b655ce39-87e7-47d9-8799-3d4cd7205bff&limit=32000&offset=0
2026-02-14 16:22:21,938 [ERROR] modules.ckan_quebec:   Error vehicules: 404 Client Error: NOT FOUND for url: https://www.donneesquebec.ca/recherche/api/3/action/datastore_search?resource_id=b655ce39-87e7-47d9-8799-3d4cd7205bff&limit=32000&offset=0
2026-02-14 16:22:22,529 [WARNING] utils.fetcher: Attempt 1/3 failed for https://www.donneesquebec.ca/recherche/api/3/action/datastore_search: 404 Client Error: NOT FOUND for url: https://www.donneesquebec.ca/recherche/api/3/action/datastore_search?resource_id=cca9fe2c-2c51-4261-878f-027243c54625&limit=32000&offset=0
2026-02-14 16:22:23,616 [WARNING] utils.fetcher: Attempt 2/3 failed for https://www.donneesquebec.ca/recherche/api/3/action/datastore_search: 404 Client Error: NOT FOUND for url: https://www.donneesquebec.ca/recherche/api/3/action/datastore_search?resource_id=cca9fe2c-2c51-4261-878f-027243c54625&limit=32000&offset=0
2026-02-14 16:22:25,206 [WARNING] utils.fetcher: Attempt 3/3 failed for https://www.donneesquebec.ca/recherche/api/3/action/datastore_search: 404 Client Error: NOT FOUND for url: https://www.donneesquebec.ca/recherche/api/3/action/datastore_search?resource_id=cca9fe2c-2c51-4261-878f-027243c54625&limit=32000&offset=0
2026-02-14 16:22:25,206 [ERROR] modules.ckan_quebec:   Error vehicules: 404 Client Error: NOT FOUND for url: https://www.donneesquebec.ca/recherche/api/3/action/datastore_search?resource_id=cca9fe2c-2c51-4261-878f-027243c54625&limit=32000&offset=0
2026-02-14 16:22:25,796 [WARNING] utils.fetcher: Attempt 1/3 failed for https://www.donneesquebec.ca/recherche/api/3/action/datastore_search: 404 Client Error: NOT FOUND for url: https://www.donneesquebec.ca/recherche/api/3/action/datastore_search?resource_id=7b6f3292-ff4c-4a95-a4e9-45ae41ce5a3e&limit=32000&offset=0
2026-02-14 16:22:26,885 [WARNING] utils.fetcher: Attempt 2/3 failed for https://www.donneesquebec.ca/recherche/api/3/action/datastore_search: 404 Client Error: NOT FOUND for url: https://www.donneesquebec.ca/recherche/api/3/action/datastore_search?resource_id=7b6f3292-ff4c-4a95-a4e9-45ae41ce5a3e&limit=32000&offset=0
2026-02-14 16:22:28,475 [WARNING] utils.fetcher: Attempt 3/3 failed for https://www.donneesquebec.ca/recherche/api/3/action/datastore_search: 404 Client Error: NOT FOUND for url: https://www.donneesquebec.ca/recherche/api/3/action/datastore_search?resource_id=7b6f3292-ff4c-4a95-a4e9-45ae41ce5a3e&limit=32000&offset=0
2026-02-14 16:22:28,476 [ERROR] modules.ckan_quebec:   Error vehicules: 404 Client Error: NOT FOUND for url: https://www.donneesquebec.ca/recherche/api/3/action/datastore_search?resource_id=7b6f3292-ff4c-4a95-a4e9-45ae41ce5a3e&limit=32000&offset=0
2026-02-14 16:22:29,066 [WARNING] utils.fetcher: Attempt 1/3 failed for https://www.donneesquebec.ca/recherche/api/3/action/datastore_search: 404 Client Error: NOT FOUND for url: https://www.donneesquebec.ca/recherche/api/3/action/datastore_search?resource_id=1302bf35-042f-4a2f-98f9-ef23a73fb698&limit=32000&offset=0
2026-02-14 16:22:30,153 [WARNING] utils.fetcher: Attempt 2/3 failed for https://www.donneesquebec.ca/recherche/api/3/action/datastore_search: 404 Client Error: NOT FOUND for url: https://www.donneesquebec.ca/recherche/api/3/action/datastore_search?resource_id=1302bf35-042f-4a2f-98f9-ef23a73fb698&limit=32000&offset=0
2026-02-14 16:22:31,752 [WARNING] utils.fetcher: Attempt 3/3 failed for https://www.donneesquebec.ca/recherche/api/3/action/datastore_search: 404 Client Error: NOT FOUND for url: https://www.donneesquebec.ca/recherche/api/3/action/datastore_search?resource_id=1302bf35-042f-4a2f-98f9-ef23a73fb698&limit=32000&offset=0
2026-02-14 16:22:31,752 [ERROR] modules.ckan_quebec:   Error vehicules: 404 Client Error: NOT FOUND for url: https://www.donneesquebec.ca/recherche/api/3/action/datastore_search?resource_id=1302bf35-042f-4a2f-98f9-ef23a73fb698&limit=32000&offset=0
2026-02-14 16:22:32,339 [WARNING] utils.fetcher: Attempt 1/3 failed for https://www.donneesquebec.ca/recherche/api/3/action/datastore_search: 404 Client Error: NOT FOUND for url: https://www.donneesquebec.ca/recherche/api/3/action/datastore_search?resource_id=deb7d1c6-280c-4c70-bf1c-0c668f20f6a7&limit=32000&offset=0
2026-02-14 16:22:33,430 [WARNING] utils.fetcher: Attempt 2/3 failed for https://www.donneesquebec.ca/recherche/api/3/action/datastore_search: 404 Client Error: NOT FOUND for url: https://www.donneesquebec.ca/recherche/api/3/action/datastore_search?resource_id=deb7d1c6-280c-4c70-bf1c-0c668f20f6a7&limit=32000&offset=0
2026-02-14 16:22:35,022 [WARNING] utils.fetcher: Attempt 3/3 failed for https://www.donneesquebec.ca/recherche/api/3/action/datastore_search: 404 Client Error: NOT FOUND for url: https://www.donneesquebec.ca/recherche/api/3/action/datastore_search?resource_id=deb7d1c6-280c-4c70-bf1c-0c668f20f6a7&limit=32000&offset=0
2026-02-14 16:22:35,023 [ERROR] modules.ckan_quebec:   Error vehicules: 404 Client Error: NOT FOUND for url: https://www.donneesquebec.ca/recherche/api/3/action/datastore_search?resource_id=deb7d1c6-280c-4c70-bf1c-0c668f20f6a7&limit=32000&offset=0
2026-02-14 16:22:35,611 [WARNING] utils.fetcher: Attempt 1/3 failed for https://www.donneesquebec.ca/recherche/api/3/action/datastore_search: 404 Client Error: NOT FOUND for url: https://www.donneesquebec.ca/recherche/api/3/action/datastore_search?resource_id=b500676b-26b3-4683-8777-343ce4e58fe7&limit=32000&offset=0
2026-02-14 16:22:36,743 [WARNING] utils.fetcher: Attempt 2/3 failed for https://www.donneesquebec.ca/recherche/api/3/action/datastore_search: 404 Client Error: NOT FOUND for url: https://www.donneesquebec.ca/recherche/api/3/action/datastore_search?resource_id=b500676b-26b3-4683-8777-343ce4e58fe7&limit=32000&offset=0
2026-02-14 16:22:38,332 [WARNING] utils.fetcher: Attempt 3/3 failed for https://www.donneesquebec.ca/recherche/api/3/action/datastore_search: 404 Client Error: NOT FOUND for url: https://www.donneesquebec.ca/recherche/api/3/action/datastore_search?resource_id=b500676b-26b3-4683-8777-343ce4e58fe7&limit=32000&offset=0
2026-02-14 16:22:38,332 [ERROR] modules.ckan_quebec:   Error vehicules: 404 Client Error: NOT FOUND for url: https://www.donneesquebec.ca/recherche/api/3/action/datastore_search?resource_id=b500676b-26b3-4683-8777-343ce4e58fe7&limit=32000&offset=0
2026-02-14 16:22:38,349 [INFO] modules.ckan_quebec: Quebec total: 383834 records
2026-02-14 16:22:38,349 [INFO] __main__: Etape 10: Import Collisions SAAQ (Donnees Quebec)...
2026-02-14 16:22:38,351 [INFO] modules.ckan_collisions_saaq: ==================================================
2026-02-14 16:22:38,351 [INFO] modules.ckan_collisions_saaq: MODULE COLLISIONS SAAQ (Donnees Quebec)
2026-02-14 16:22:38,351 [INFO] modules.ckan_collisions_saaq: ==================================================
2026-02-14 16:22:38,351 [INFO] modules.ckan_collisions_saaq: Fetching collisions SAAQ...
2026-02-14 16:22:38,983 [INFO] modules.ckan_collisions_saaq:   Processing resource: Rapports d'accident, 2022 (be702e5c-a25e-421e-b00d-0360c73525f1)
2026-02-14 16:22:39,574 [WARNING] utils.fetcher: Attempt 1/3 failed for https://www.donneesquebec.ca/recherche/api/3/action/datastore_search: 404 Client Error: NOT FOUND for url: https://www.donneesquebec.ca/recherche/api/3/action/datastore_search?resource_id=be702e5c-a25e-421e-b00d-0360c73525f1&limit=32000&offset=0
2026-02-14 16:22:40,665 [WARNING] utils.fetcher: Attempt 2/3 failed for https://www.donneesquebec.ca/recherche/api/3/action/datastore_search: 404 Client Error: NOT FOUND for url: https://www.donneesquebec.ca/recherche/api/3/action/datastore_search?resource_id=be702e5c-a25e-421e-b00d-0360c73525f1&limit=32000&offset=0
2026-02-14 16:22:42,255 [WARNING] utils.fetcher: Attempt 3/3 failed for https://www.donneesquebec.ca/recherche/api/3/action/datastore_search: 404 Client Error: NOT FOUND for url: https://www.donneesquebec.ca/recherche/api/3/action/datastore_search?resource_id=be702e5c-a25e-421e-b00d-0360c73525f1&limit=32000&offset=0
2026-02-14 16:22:42,255 [ERROR] modules.ckan_collisions_saaq:     Error processing Rapports d'accident, 2022: 404 Client Error: NOT FOUND for url: https://www.donneesquebec.ca/recherche/api/3/action/datastore_search?resource_id=be702e5c-a25e-421e-b00d-0360c73525f1&limit=32000&offset=0
2026-02-14 16:22:42,273 [INFO] modules.ckan_collisions_saaq:   Processing resource: Rapports d'accident, 2021 (ada44698-f402-49aa-8524-26d224e61b49)
2026-02-14 16:22:42,871 [WARNING] utils.fetcher: Attempt 1/3 failed for https://www.donneesquebec.ca/recherche/api/3/action/datastore_search: 404 Client Error: NOT FOUND for url: https://www.donneesquebec.ca/recherche/api/3/action/datastore_search?resource_id=ada44698-f402-49aa-8524-26d224e61b49&limit=32000&offset=0
2026-02-14 16:22:43,961 [WARNING] utils.fetcher: Attempt 2/3 failed for https://www.donneesquebec.ca/recherche/api/3/action/datastore_search: 404 Client Error: NOT FOUND for url: https://www.donneesquebec.ca/recherche/api/3/action/datastore_search?resource_id=ada44698-f402-49aa-8524-26d224e61b49&limit=32000&offset=0
2026-02-14 16:22:45,552 [WARNING] utils.fetcher: Attempt 3/3 failed for https://www.donneesquebec.ca/recherche/api/3/action/datastore_search: 404 Client Error: NOT FOUND for url: https://www.donneesquebec.ca/recherche/api/3/action/datastore_search?resource_id=ada44698-f402-49aa-8524-26d224e61b49&limit=32000&offset=0
2026-02-14 16:22:45,552 [ERROR] modules.ckan_collisions_saaq:     Error processing Rapports d'accident, 2021: 404 Client Error: NOT FOUND for url: https://www.donneesquebec.ca/recherche/api/3/action/datastore_search?resource_id=ada44698-f402-49aa-8524-26d224e61b49&limit=32000&offset=0
2026-02-14 16:22:45,570 [INFO] modules.ckan_collisions_saaq:   Processing resource: Rapports d'accident, 2020 (50356277-13a1-49ce-9513-86a53bd234fc)
2026-02-14 16:22:46,156 [WARNING] utils.fetcher: Attempt 1/3 failed for https://www.donneesquebec.ca/recherche/api/3/action/datastore_search: 404 Client Error: NOT FOUND for url: https://www.donneesquebec.ca/recherche/api/3/action/datastore_search?resource_id=50356277-13a1-49ce-9513-86a53bd234fc&limit=32000&offset=0
2026-02-14 16:22:47,244 [WARNING] utils.fetcher: Attempt 2/3 failed for https://www.donneesquebec.ca/recherche/api/3/action/datastore_search: 404 Client Error: NOT FOUND for url: https://www.donneesquebec.ca/recherche/api/3/action/datastore_search?resource_id=50356277-13a1-49ce-9513-86a53bd234fc&limit=32000&offset=0
2026-02-14 16:22:48,834 [WARNING] utils.fetcher: Attempt 3/3 failed for https://www.donneesquebec.ca/recherche/api/3/action/datastore_search: 404 Client Error: NOT FOUND for url: https://www.donneesquebec.ca/recherche/api/3/action/datastore_search?resource_id=50356277-13a1-49ce-9513-86a53bd234fc&limit=32000&offset=0
2026-02-14 16:22:48,835 [ERROR] modules.ckan_collisions_saaq:     Error processing Rapports d'accident, 2020: 404 Client Error: NOT FOUND for url: https://www.donneesquebec.ca/recherche/api/3/action/datastore_search?resource_id=50356277-13a1-49ce-9513-86a53bd234fc&limit=32000&offset=0
2026-02-14 16:22:48,853 [INFO] modules.ckan_collisions_saaq:   Processing resource: Rapports d'accident, 2019 (a792a2fe-776f-4aa5-9a69-bf67227ada68)
2026-02-14 16:22:49,444 [WARNING] utils.fetcher: Attempt 1/3 failed for https://www.donneesquebec.ca/recherche/api/3/action/datastore_search: 404 Client Error: NOT FOUND for url: https://www.donneesquebec.ca/recherche/api/3/action/datastore_search?resource_id=a792a2fe-776f-4aa5-9a69-bf67227ada68&limit=32000&offset=0
2026-02-14 16:22:50,543 [WARNING] utils.fetcher: Attempt 2/3 failed for https://www.donneesquebec.ca/recherche/api/3/action/datastore_search: 404 Client Error: NOT FOUND for url: https://www.donneesquebec.ca/recherche/api/3/action/datastore_search?resource_id=a792a2fe-776f-4aa5-9a69-bf67227ada68&limit=32000&offset=0
2026-02-14 16:22:52,131 [WARNING] utils.fetcher: Attempt 3/3 failed for https://www.donneesquebec.ca/recherche/api/3/action/datastore_search: 404 Client Error: NOT FOUND for url: https://www.donneesquebec.ca/recherche/api/3/action/datastore_search?resource_id=a792a2fe-776f-4aa5-9a69-bf67227ada68&limit=32000&offset=0
2026-02-14 16:22:52,131 [ERROR] modules.ckan_collisions_saaq:     Error processing Rapports d'accident, 2019: 404 Client Error: NOT FOUND for url: https://www.donneesquebec.ca/recherche/api/3/action/datastore_search?resource_id=a792a2fe-776f-4aa5-9a69-bf67227ada68&limit=32000&offset=0
2026-02-14 16:22:52,148 [INFO] modules.ckan_collisions_saaq:   Processing resource: Rapports d'accident, 2018 (86cbda2c-3bb8-4efe-a397-17a33450618f)
2026-02-14 16:22:52,736 [WARNING] utils.fetcher: Attempt 1/3 failed for https://www.donneesquebec.ca/recherche/api/3/action/datastore_search: 404 Client Error: NOT FOUND for url: https://www.donneesquebec.ca/recherche/api/3/action/datastore_search?resource_id=86cbda2c-3bb8-4efe-a397-17a33450618f&limit=32000&offset=0
2026-02-14 16:22:53,937 [WARNING] utils.fetcher: Attempt 2/3 failed for https://www.donneesquebec.ca/recherche/api/3/action/datastore_search: 404 Client Error: NOT FOUND for url: https://www.donneesquebec.ca/recherche/api/3/action/datastore_search?resource_id=86cbda2c-3bb8-4efe-a397-17a33450618f&limit=32000&offset=0
2026-02-14 16:22:55,525 [WARNING] utils.fetcher: Attempt 3/3 failed for https://www.donneesquebec.ca/recherche/api/3/action/datastore_search: 404 Client Error: NOT FOUND for url: https://www.donneesquebec.ca/recherche/api/3/action/datastore_search?resource_id=86cbda2c-3bb8-4efe-a397-17a33450618f&limit=32000&offset=0
2026-02-14 16:22:55,525 [ERROR] modules.ckan_collisions_saaq:     Error processing Rapports d'accident, 2018: 404 Client Error: NOT FOUND for url: https://www.donneesquebec.ca/recherche/api/3/action/datastore_search?resource_id=86cbda2c-3bb8-4efe-a397-17a33450618f&limit=32000&offset=0
2026-02-14 16:22:55,543 [INFO] modules.ckan_collisions_saaq:   Processing resource: Rapports d'accident, 2017 (15470019-62a0-4e05-8c65-7c5e35d7dc8d)
2026-02-14 16:22:56,137 [WARNING] utils.fetcher: Attempt 1/3 failed for https://www.donneesquebec.ca/recherche/api/3/action/datastore_search: 404 Client Error: NOT FOUND for url: https://www.donneesquebec.ca/recherche/api/3/action/datastore_search?resource_id=15470019-62a0-4e05-8c65-7c5e35d7dc8d&limit=32000&offset=0
2026-02-14 16:22:57,226 [WARNING] utils.fetcher: Attempt 2/3 failed for https://www.donneesquebec.ca/recherche/api/3/action/datastore_search: 404 Client Error: NOT FOUND for url: https://www.donneesquebec.ca/recherche/api/3/action/datastore_search?resource_id=15470019-62a0-4e05-8c65-7c5e35d7dc8d&limit=32000&offset=0
2026-02-14 16:22:58,814 [WARNING] utils.fetcher: Attempt 3/3 failed for https://www.donneesquebec.ca/recherche/api/3/action/datastore_search: 404 Client Error: NOT FOUND for url: https://www.donneesquebec.ca/recherche/api/3/action/datastore_search?resource_id=15470019-62a0-4e05-8c65-7c5e35d7dc8d&limit=32000&offset=0
2026-02-14 16:22:58,814 [ERROR] modules.ckan_collisions_saaq:     Error processing Rapports d'accident, 2017: 404 Client Error: NOT FOUND for url: https://www.donneesquebec.ca/recherche/api/3/action/datastore_search?resource_id=15470019-62a0-4e05-8c65-7c5e35d7dc8d&limit=32000&offset=0
2026-02-14 16:22:58,832 [INFO] modules.ckan_collisions_saaq:   Processing resource: Rapports d'accident, 2016 (6de63859-2803-42f7-82a9-124dfe78eadf)
2026-02-14 16:22:59,419 [WARNING] utils.fetcher: Attempt 1/3 failed for https://www.donneesquebec.ca/recherche/api/3/action/datastore_search: 404 Client Error: NOT FOUND for url: https://www.donneesquebec.ca/recherche/api/3/action/datastore_search?resource_id=6de63859-2803-42f7-82a9-124dfe78eadf&limit=32000&offset=0
2026-02-14 16:23:00,517 [WARNING] utils.fetcher: Attempt 2/3 failed for https://www.donneesquebec.ca/recherche/api/3/action/datastore_search: 404 Client Error: NOT FOUND for url: https://www.donneesquebec.ca/recherche/api/3/action/datastore_search?resource_id=6de63859-2803-42f7-82a9-124dfe78eadf&limit=32000&offset=0
2026-02-14 16:23:02,107 [WARNING] utils.fetcher: Attempt 3/3 failed for https://www.donneesquebec.ca/recherche/api/3/action/datastore_search: 404 Client Error: NOT FOUND for url: https://www.donneesquebec.ca/recherche/api/3/action/datastore_search?resource_id=6de63859-2803-42f7-82a9-124dfe78eadf&limit=32000&offset=0
2026-02-14 16:23:02,107 [ERROR] modules.ckan_collisions_saaq:     Error processing Rapports d'accident, 2016: 404 Client Error: NOT FOUND for url: https://www.donneesquebec.ca/recherche/api/3/action/datastore_search?resource_id=6de63859-2803-42f7-82a9-124dfe78eadf&limit=32000&offset=0
2026-02-14 16:23:02,124 [INFO] modules.ckan_collisions_saaq:   Processing resource: Rapports d'accident, 2015 (5e970115-19f7-4dc7-8a20-13252b4ac5a1)
2026-02-14 16:23:02,711 [WARNING] utils.fetcher: Attempt 1/3 failed for https://www.donneesquebec.ca/recherche/api/3/action/datastore_search: 404 Client Error: NOT FOUND for url: https://www.donneesquebec.ca/recherche/api/3/action/datastore_search?resource_id=5e970115-19f7-4dc7-8a20-13252b4ac5a1&limit=32000&offset=0
2026-02-14 16:23:03,809 [WARNING] utils.fetcher: Attempt 2/3 failed for https://www.donneesquebec.ca/recherche/api/3/action/datastore_search: 404 Client Error: NOT FOUND for url: https://www.donneesquebec.ca/recherche/api/3/action/datastore_search?resource_id=5e970115-19f7-4dc7-8a20-13252b4ac5a1&limit=32000&offset=0
2026-02-14 16:23:05,401 [WARNING] utils.fetcher: Attempt 3/3 failed for https://www.donneesquebec.ca/recherche/api/3/action/datastore_search: 404 Client Error: NOT FOUND for url: https://www.donneesquebec.ca/recherche/api/3/action/datastore_search?resource_id=5e970115-19f7-4dc7-8a20-13252b4ac5a1&limit=32000&offset=0
2026-02-14 16:23:05,401 [ERROR] modules.ckan_collisions_saaq:     Error processing Rapports d'accident, 2015: 404 Client Error: NOT FOUND for url: https://www.donneesquebec.ca/recherche/api/3/action/datastore_search?resource_id=5e970115-19f7-4dc7-8a20-13252b4ac5a1&limit=32000&offset=0
2026-02-14 16:23:05,418 [INFO] modules.ckan_collisions_saaq:   Processing resource: Rapports d'accident, 2014 (ef09c2d9-84a0-4be5-98f8-311b03164f20)
2026-02-14 16:23:06,005 [WARNING] utils.fetcher: Attempt 1/3 failed for https://www.donneesquebec.ca/recherche/api/3/action/datastore_search: 404 Client Error: NOT FOUND for url: https://www.donneesquebec.ca/recherche/api/3/action/datastore_search?resource_id=ef09c2d9-84a0-4be5-98f8-311b03164f20&limit=32000&offset=0
2026-02-14 16:23:07,094 [WARNING] utils.fetcher: Attempt 2/3 failed for https://www.donneesquebec.ca/recherche/api/3/action/datastore_search: 404 Client Error: NOT FOUND for url: https://www.donneesquebec.ca/recherche/api/3/action/datastore_search?resource_id=ef09c2d9-84a0-4be5-98f8-311b03164f20&limit=32000&offset=0
2026-02-14 16:23:08,683 [WARNING] utils.fetcher: Attempt 3/3 failed for https://www.donneesquebec.ca/recherche/api/3/action/datastore_search: 404 Client Error: NOT FOUND for url: https://www.donneesquebec.ca/recherche/api/3/action/datastore_search?resource_id=ef09c2d9-84a0-4be5-98f8-311b03164f20&limit=32000&offset=0
2026-02-14 16:23:08,683 [ERROR] modules.ckan_collisions_saaq:     Error processing Rapports d'accident, 2014: 404 Client Error: NOT FOUND for url: https://www.donneesquebec.ca/recherche/api/3/action/datastore_search?resource_id=ef09c2d9-84a0-4be5-98f8-311b03164f20&limit=32000&offset=0
2026-02-14 16:23:08,702 [INFO] modules.ckan_collisions_saaq:   Processing resource: Rapports d'accident, 2013 (7cdb19ef-7151-484b-a6b7-509a14a4e612)
2026-02-14 16:23:09,289 [WARNING] utils.fetcher: Attempt 1/3 failed for https://www.donneesquebec.ca/recherche/api/3/action/datastore_search: 404 Client Error: NOT FOUND for url: https://www.donneesquebec.ca/recherche/api/3/action/datastore_search?resource_id=7cdb19ef-7151-484b-a6b7-509a14a4e612&limit=32000&offset=0
2026-02-14 16:23:10,376 [WARNING] utils.fetcher: Attempt 2/3 failed for https://www.donneesquebec.ca/recherche/api/3/action/datastore_search: 404 Client Error: NOT FOUND for url: https://www.donneesquebec.ca/recherche/api/3/action/datastore_search?resource_id=7cdb19ef-7151-484b-a6b7-509a14a4e612&limit=32000&offset=0
2026-02-14 16:23:11,965 [WARNING] utils.fetcher: Attempt 3/3 failed for https://www.donneesquebec.ca/recherche/api/3/action/datastore_search: 404 Client Error: NOT FOUND for url: https://www.donneesquebec.ca/recherche/api/3/action/datastore_search?resource_id=7cdb19ef-7151-484b-a6b7-509a14a4e612&limit=32000&offset=0
2026-02-14 16:23:11,966 [ERROR] modules.ckan_collisions_saaq:     Error processing Rapports d'accident, 2013: 404 Client Error: NOT FOUND for url: https://www.donneesquebec.ca/recherche/api/3/action/datastore_search?resource_id=7cdb19ef-7151-484b-a6b7-509a14a4e612&limit=32000&offset=0
2026-02-14 16:23:11,983 [INFO] modules.ckan_collisions_saaq:   Processing resource: Rapports d'accident, 2012 (6120b9e2-544c-445e-b773-94b673691b15)
2026-02-14 16:23:12,581 [WARNING] utils.fetcher: Attempt 1/3 failed for https://www.donneesquebec.ca/recherche/api/3/action/datastore_search: 404 Client Error: NOT FOUND for url: https://www.donneesquebec.ca/recherche/api/3/action/datastore_search?resource_id=6120b9e2-544c-445e-b773-94b673691b15&limit=32000&offset=0
2026-02-14 16:23:13,669 [WARNING] utils.fetcher: Attempt 2/3 failed for https://www.donneesquebec.ca/recherche/api/3/action/datastore_search: 404 Client Error: NOT FOUND for url: https://www.donneesquebec.ca/recherche/api/3/action/datastore_search?resource_id=6120b9e2-544c-445e-b773-94b673691b15&limit=32000&offset=0
2026-02-14 16:23:15,265 [WARNING] utils.fetcher: Attempt 3/3 failed for https://www.donneesquebec.ca/recherche/api/3/action/datastore_search: 404 Client Error: NOT FOUND for url: https://www.donneesquebec.ca/recherche/api/3/action/datastore_search?resource_id=6120b9e2-544c-445e-b773-94b673691b15&limit=32000&offset=0
2026-02-14 16:23:15,265 [ERROR] modules.ckan_collisions_saaq:     Error processing Rapports d'accident, 2012: 404 Client Error: NOT FOUND for url: https://www.donneesquebec.ca/recherche/api/3/action/datastore_search?resource_id=6120b9e2-544c-445e-b773-94b673691b15&limit=32000&offset=0
2026-02-14 16:23:15,289 [INFO] modules.ckan_collisions_saaq:   Processing resource: Rapports d'accident, 2011 (ae48049c-ab36-4e27-ab22-dc505c832ffe)
2026-02-14 16:23:15,888 [WARNING] utils.fetcher: Attempt 1/3 failed for https://www.donneesquebec.ca/recherche/api/3/action/datastore_search: 404 Client Error: NOT FOUND for url: https://www.donneesquebec.ca/recherche/api/3/action/datastore_search?resource_id=ae48049c-ab36-4e27-ab22-dc505c832ffe&limit=32000&offset=0
2026-02-14 16:23:16,979 [WARNING] utils.fetcher: Attempt 2/3 failed for https://www.donneesquebec.ca/recherche/api/3/action/datastore_search: 404 Client Error: NOT FOUND for url: https://www.donneesquebec.ca/recherche/api/3/action/datastore_search?resource_id=ae48049c-ab36-4e27-ab22-dc505c832ffe&limit=32000&offset=0
2026-02-14 16:23:18,567 [WARNING] utils.fetcher: Attempt 3/3 failed for https://www.donneesquebec.ca/recherche/api/3/action/datastore_search: 404 Client Error: NOT FOUND for url: https://www.donneesquebec.ca/recherche/api/3/action/datastore_search?resource_id=ae48049c-ab36-4e27-ab22-dc505c832ffe&limit=32000&offset=0
2026-02-14 16:23:18,567 [ERROR] modules.ckan_collisions_saaq:     Error processing Rapports d'accident, 2011: 404 Client Error: NOT FOUND for url: https://www.donneesquebec.ca/recherche/api/3/action/datastore_search?resource_id=ae48049c-ab36-4e27-ab22-dc505c832ffe&limit=32000&offset=0
2026-02-14 16:23:18,600 [INFO] modules.ckan_collisions_saaq: Collisions SAAQ total: 0 records
2026-02-14 16:23:18,600 [INFO] __main__: ============================================================
2026-02-14 16:23:18,600 [INFO] __main__: IMPORT TERMINE
2026-02-14 16:23:18,600 [INFO] __main__: ============================================================
2026-02-14 17:29:02,214 [INFO] __main__: ============================================================
2026-02-14 17:29:02,214 [INFO] __main__: DEBUT IMPORT - Base de donnees tickets QC/ON (PostgreSQL)
2026-02-14 17:29:02,215 [INFO] __main__: ============================================================
2026-02-14 17:29:02,215 [INFO] __main__: Etape 1: Creation/mise a jour du schema...
2026-02-14 17:33:38,567 [INFO] __main__: ============================================================
2026-02-14 17:33:38,567 [INFO] __main__: DEBUT IMPORT - Base de donnees tickets QC/ON (PostgreSQL)
2026-02-14 17:33:38,567 [INFO] __main__: ============================================================
2026-02-14 17:33:38,567 [INFO] __main__: Etape 1: Creation/mise a jour du schema...
2026-02-14 17:40:15,559 [INFO] __main__: ============================================================
2026-02-14 17:40:15,560 [INFO] __main__: DEBUT IMPORT - Base de donnees tickets QC/ON (PostgreSQL)
2026-02-14 17:40:15,560 [INFO] __main__: ============================================================
2026-02-14 17:40:15,560 [INFO] __main__: Etape 1: Creation/mise a jour du schema...
2026-02-14 17:40:15,605 [INFO] utils.db: Schema cree/mis a jour avec succes.
2026-02-14 17:40:15,605 [INFO] __main__: Etape 9: Import Ontario Open Data...
2026-02-14 17:40:15,715 [INFO] modules.ontario: ==================================================
2026-02-14 17:40:15,716 [INFO] modules.ontario: MODULE ONTARIO OPEN DATA
2026-02-14 17:40:15,716 [INFO] modules.ontario: ==================================================
2026-02-14 17:40:15,716 [INFO] modules.ontario: Fetching Ontario OPP traffic offences...
2026-02-14 17:40:16,250 [INFO] utils.db:   on_traffic_offences: 123/123 rows inserted.
2026-02-14 17:40:16,250 [INFO] modules.ontario:   Inserted 123 OPP traffic offences.
2026-02-14 17:40:16,274 [INFO] modules.ontario: Fetching Toronto parking tickets...
2026-02-14 17:40:17,091 [INFO] modules.ontario:   No CSV resources found for Toronto parking.
2026-02-14 17:40:17,107 [INFO] modules.ontario: Ontario total: 123 records
2026-02-14 17:40:17,108 [INFO] __main__: ============================================================
2026-02-14 17:40:17,108 [INFO] __main__: IMPORT TERMINE
2026-02-14 17:40:17,108 [INFO] __main__: ============================================================
